<?xml version="1.0" encoding="UTF-8"?>
<testsuite xmlns:xsi="http://www.w3.org/2001/XMLSchema-instance" xsi:noNamespaceSchemaLocation="https://maven.apache.org/surefire/maven-surefire-plugin/xsd/surefire-test-report-3.0.xsd" version="3.0" name="com.example.fakestoreapi.test.performance.PerformanceTests" time="76.645" tests="5" errors="0" skipped="0" failures="0">
  <properties>
[...]
</properties>
  <testcase name="testRateLimiting" classname="com.example.fakestoreapi.test.performance.PerformanceTests" time="64.452">
    <system-out><![CDATA[Request method:	GET
Request URI:	https://fakestoreapi.com/products/1
Proxy:			<none>
Request params:	<none>
Query params:	<none>
Form params:	<none>
Path params:	<none>
Headers:		User-Agent=Mozilla/5.0 (CI-Test-Agent)
				Accept=*/*
				Content-Type=application/json
Cookies:		<none>
Multiparts:		<none>
Body:			<none>
HTTP/1.1 200 OK
Date: Fri, 15 Aug 2025 14:15:58 GMT
Content-Type: application/json; charset=utf-8
Transfer-Encoding: chunked
Connection: keep-alive
Access-Control-Allow-Origin: *
Etag: W/"16d-ryVvNeDR+OwaJd+i2vi/OPo/G4Y"
X-Powered-By: Express
Cf-Cache-Status: DYNAMIC
Nel: {"report_to":"cf-nel","success_fraction":0.0,"max_age":604800}
Report-To: {"group":"cf-nel","max_age":604800,"endpoints":[{"url":"https://a.nel.cloudflare.com/report/v4?s=J0gTCGD1JVE4uT5MZZVSSjvGOgrPWFoep6KE20tMckNPfYeaa6dhh6DPPLbYdr1Jp5tK63HP4YkdfG0gUuMv3r3RCam5s%2B%2FvH0ParkoFGLs%3D"}]}
Content-Encoding: gzip
Server: cloudflare
CF-RAY: 96f94ea0fc397521-CDG
alt-svc: h3=":443"; ma=86400

{
    "id": 1,
    "title": "Fjallraven - Foldsack No. 1 Backpack, Fits 15 Laptops",
    "price": 109.95,
    "description": "Your perfect pack for everyday use and walks in the forest. Stash your laptop (up to 15 inches) in the padded sleeve, your everyday",
    "category": "men's clothing",
    "image": "https://fakestoreapi.com/img/81fPKd-2AYL._AC_SL1500_t.png",
    "rating": {
        "rate": 3.9,
        "count": 120
    }
}
Request method:	GET
Request URI:	https://fakestoreapi.com/products/1
Proxy:			<none>
Request params:	<none>
Query params:	<none>
Form params:	<none>
Path params:	<none>
Headers:		User-Agent=Mozilla/5.0 (CI-Test-Agent)
				Accept=*/*
				Content-Type=application/json
Cookies:		<none>
Multiparts:		<none>
Body:			<none>
HTTP/1.1 200 OK
Date: Fri, 15 Aug 2025 14:15:59 GMT
Content-Type: application/json; charset=utf-8
Transfer-Encoding: chunked
Connection: keep-alive
Access-Control-Allow-Origin: *
Etag: W/"16d-ryVvNeDR+OwaJd+i2vi/OPo/G4Y"
X-Powered-By: Express
Cf-Cache-Status: DYNAMIC
Nel: {"report_to":"cf-nel","success_fraction":0.0,"max_age":604800}
Report-To: {"group":"cf-nel","max_age":604800,"endpoints":[{"url":"https://a.nel.cloudflare.com/report/v4?s=4bH2XyOa7VdqO4OLOcWnhl6%2BLCbQEJchjMSGRPMgOEljirY8FWa%2FJI8C1qfjWWvM4zO4KhW%2BRPS17bh4YiZIzbboBfEkLnSIz5up9MuJPUk%3D"}]}
Content-Encoding: gzip
Server: cloudflare
CF-RAY: 96f94ea5affe00a6-CDG
alt-svc: h3=":443"; ma=86400

{
    "id": 1,
    "title": "Fjallraven - Foldsack No. 1 Backpack, Fits 15 Laptops",
    "price": 109.95,
    "description": "Your perfect pack for everyday use and walks in the forest. Stash your laptop (up to 15 inches) in the padded sleeve, your everyday",
    "category": "men's clothing",
    "image": "https://fakestoreapi.com/img/81fPKd-2AYL._AC_SL1500_t.png",
    "rating": {
        "rate": 3.9,
        "count": 120
    }
}
Request method:	GET
Request URI:	https://fakestoreapi.com/products/1
Proxy:			<none>
Request params:	<none>
Query params:	<none>
Form params:	<none>
Path params:	<none>
Headers:		User-Agent=Mozilla/5.0 (CI-Test-Agent)
				Accept=*/*
				Content-Type=application/json
Cookies:		<none>
Multiparts:		<none>
Body:			<none>
HTTP/1.1 200 OK
Date: Fri, 15 Aug 2025 14:16:00 GMT
Content-Type: application/json; charset=utf-8
Transfer-Encoding: chunked
Connection: keep-alive
Access-Control-Allow-Origin: *
Etag: W/"16d-ryVvNeDR+OwaJd+i2vi/OPo/G4Y"
X-Powered-By: Express
Cf-Cache-Status: DYNAMIC
Nel: {"report_to":"cf-nel","success_fraction":0.0,"max_age":604800}
Report-To: {"group":"cf-nel","max_age":604800,"endpoints":[{"url":"https://a.nel.cloudflare.com/report/v4?s=SzsGw%2BEWGagREa3UmSDwCA2uCgcUgF0881UtovTULL%2B6jFkhv7exzcSdkOPrDH3hoM42%2FZy3gpRDTNgBltaQm4Uvoyw7FVvPwb0F0zm1ua4%3D"}]}
Content-Encoding: gzip
Server: cloudflare
CF-RAY: 96f94ea93b6bd122-CDG
alt-svc: h3=":443"; ma=86400

{
    "id": 1,
    "title": "Fjallraven - Foldsack No. 1 Backpack, Fits 15 Laptops",
    "price": 109.95,
    "description": "Your perfect pack for everyday use and walks in the forest. Stash your laptop (up to 15 inches) in the padded sleeve, your everyday",
    "category": "men's clothing",
    "image": "https://fakestoreapi.com/img/81fPKd-2AYL._AC_SL1500_t.png",
    "rating": {
        "rate": 3.9,
        "count": 120
    }
}
Request method:	GET
Request URI:	https://fakestoreapi.com/products/1
Proxy:			<none>
Request params:	<none>
Query params:	<none>
Form params:	<none>
Path params:	<none>
Headers:		User-Agent=Mozilla/5.0 (CI-Test-Agent)
				Accept=*/*
				Content-Type=application/json
Cookies:		<none>
Multiparts:		<none>
Body:			<none>
HTTP/1.1 200 OK
Date: Fri, 15 Aug 2025 14:16:00 GMT
Content-Type: application/json; charset=utf-8
Transfer-Encoding: chunked
Connection: keep-alive
Access-Control-Allow-Origin: *
Etag: W/"16d-ryVvNeDR+OwaJd+i2vi/OPo/G4Y"
X-Powered-By: Express
Cf-Cache-Status: DYNAMIC
Nel: {"report_to":"cf-nel","success_fraction":0.0,"max_age":604800}
Report-To: {"group":"cf-nel","max_age":604800,"endpoints":[{"url":"https://a.nel.cloudflare.com/report/v4?s=fBGeE%2BVVwKgLemjRXtPC0CUeQDw9k0f7Pqt%2ByTTT%2Fz8jLsDr6njUKFDQzM1fU%2FjPGtYHSncFB98Ch1jOR0uYJDTPxS5Fg7K6YvTn6Lxc3nc%3D"}]}
Content-Encoding: gzip
Server: cloudflare
CF-RAY: 96f94eade8d7735b-CDG
alt-svc: h3=":443"; ma=86400

{
    "id": 1,
    "title": "Fjallraven - Foldsack No. 1 Backpack, Fits 15 Laptops",
    "price": 109.95,
    "description": "Your perfect pack for everyday use and walks in the forest. Stash your laptop (up to 15 inches) in the padded sleeve, your everyday",
    "category": "men's clothing",
    "image": "https://fakestoreapi.com/img/81fPKd-2AYL._AC_SL1500_t.png",
    "rating": {
        "rate": 3.9,
        "count": 120
    }
}
Request method:	GET
Request URI:	https://fakestoreapi.com/products/1
Proxy:			<none>
Request params:	<none>
Query params:	<none>
Form params:	<none>
Path params:	<none>
Headers:		User-Agent=Mozilla/5.0 (CI-Test-Agent)
				Accept=*/*
				Content-Type=application/json
Cookies:		<none>
Multiparts:		<none>
Body:			<none>
HTTP/1.1 200 OK
Date: Fri, 15 Aug 2025 14:16:02 GMT
Content-Type: application/json; charset=utf-8
Transfer-Encoding: chunked
Connection: keep-alive
Access-Control-Allow-Origin: *
Etag: W/"16d-ryVvNeDR+OwaJd+i2vi/OPo/G4Y"
X-Powered-By: Express
Cf-Cache-Status: DYNAMIC
Nel: {"report_to":"cf-nel","success_fraction":0.0,"max_age":604800}
Report-To: {"group":"cf-nel","max_age":604800,"endpoints":[{"url":"https://a.nel.cloudflare.com/report/v4?s=Mbu0BJFX6z3e9w7Wnmp%2FDK6m7KkhRM%2FDaD%2BfvQW8nKdgrxV1GoA7A46QwQ%2FQ%2B59tC35rdIC3y5CYDtTnH3lZhRr1DxOrQMqNuL1f1g3%2B2zw%3D"}]}
Content-Encoding: gzip
Server: cloudflare
CF-RAY: 96f94eb93ae7f1a0-CDG
alt-svc: h3=":443"; ma=86400

{
    "id": 1,
    "title": "Fjallraven - Foldsack No. 1 Backpack, Fits 15 Laptops",
    "price": 109.95,
    "description": "Your perfect pack for everyday use and walks in the forest. Stash your laptop (up to 15 inches) in the padded sleeve, your everyday",
    "category": "men's clothing",
    "image": "https://fakestoreapi.com/img/81fPKd-2AYL._AC_SL1500_t.png",
    "rating": {
        "rate": 3.9,
        "count": 120
    }
}
Request method:	GET
Request URI:	https://fakestoreapi.com/products/1
Proxy:			<none>
Request params:	<none>
Query params:	<none>
Form params:	<none>
Path params:	<none>
Headers:		User-Agent=Mozilla/5.0 (CI-Test-Agent)
				Accept=*/*
				Content-Type=application/json
Cookies:		<none>
Multiparts:		<none>
Body:			<none>
HTTP/1.1 200 OK
Date: Fri, 15 Aug 2025 14:16:03 GMT
Content-Type: application/json; charset=utf-8
Transfer-Encoding: chunked
Connection: keep-alive
Access-Control-Allow-Origin: *
Etag: W/"16d-ryVvNeDR+OwaJd+i2vi/OPo/G4Y"
X-Powered-By: Express
Cf-Cache-Status: DYNAMIC
Nel: {"report_to":"cf-nel","success_fraction":0.0,"max_age":604800}
Report-To: {"group":"cf-nel","max_age":604800,"endpoints":[{"url":"https://a.nel.cloudflare.com/report/v4?s=875F9ZaCiI34jcfUEfeVCkxzBIZd3Ae3HC53tTo26Ktna6XuEPy8BojRzplxHYw1WlEeJaOkEK%2FTk90OVMILP4yL4tyUVGMP9GUvEfPTpD8%3D"}]}
Content-Encoding: gzip
Server: cloudflare
CF-RAY: 96f94ebd99617014-CDG
alt-svc: h3=":443"; ma=86400

{
    "id": 1,
    "title": "Fjallraven - Foldsack No. 1 Backpack, Fits 15 Laptops",
    "price": 109.95,
    "description": "Your perfect pack for everyday use and walks in the forest. Stash your laptop (up to 15 inches) in the padded sleeve, your everyday",
    "category": "men's clothing",
    "image": "https://fakestoreapi.com/img/81fPKd-2AYL._AC_SL1500_t.png",
    "rating": {
        "rate": 3.9,
        "count": 120
    }
}
Request method:	GET
Request URI:	https://fakestoreapi.com/products/1
Proxy:			<none>
Request params:	<none>
Query params:	<none>
Form params:	<none>
Path params:	<none>
Headers:		User-Agent=Mozilla/5.0 (CI-Test-Agent)
				Accept=*/*
				Content-Type=application/json
Cookies:		<none>
Multiparts:		<none>
Body:			<none>
HTTP/1.1 200 OK
Date: Fri, 15 Aug 2025 14:16:04 GMT
Content-Type: application/json; charset=utf-8
Transfer-Encoding: chunked
Connection: keep-alive
Access-Control-Allow-Origin: *
Etag: W/"16d-ryVvNeDR+OwaJd+i2vi/OPo/G4Y"
X-Powered-By: Express
Cf-Cache-Status: DYNAMIC
Nel: {"report_to":"cf-nel","success_fraction":0.0,"max_age":604800}
Report-To: {"group":"cf-nel","max_age":604800,"endpoints":[{"url":"https://a.nel.cloudflare.com/report/v4?s=PXgGr66As8JIPUF7arQSX81YWOHemKQB3FrKP7ev4g7Su61ddjS9%2FiADJrcHtms1TiN19iMT20q12iPA8Wx41IWV6LRCpVJFDy5lWkdOO6w%3D"}]}
Content-Encoding: gzip
Server: cloudflare
CF-RAY: 96f94ec169576ef9-CDG
alt-svc: h3=":443"; ma=86400

{
    "id": 1,
    "title": "Fjallraven - Foldsack No. 1 Backpack, Fits 15 Laptops",
    "price": 109.95,
    "description": "Your perfect pack for everyday use and walks in the forest. Stash your laptop (up to 15 inches) in the padded sleeve, your everyday",
    "category": "men's clothing",
    "image": "https://fakestoreapi.com/img/81fPKd-2AYL._AC_SL1500_t.png",
    "rating": {
        "rate": 3.9,
        "count": 120
    }
}
Request method:	GET
Request URI:	https://fakestoreapi.com/products/1
Proxy:			<none>
Request params:	<none>
Query params:	<none>
Form params:	<none>
Path params:	<none>
Headers:		User-Agent=Mozilla/5.0 (CI-Test-Agent)
				Accept=*/*
				Content-Type=application/json
Cookies:		<none>
Multiparts:		<none>
Body:			<none>
HTTP/1.1 200 OK
Date: Fri, 15 Aug 2025 14:16:04 GMT
Content-Type: application/json; charset=utf-8
Transfer-Encoding: chunked
Connection: keep-alive
Access-Control-Allow-Origin: *
Etag: W/"16d-ryVvNeDR+OwaJd+i2vi/OPo/G4Y"
X-Powered-By: Express
Cf-Cache-Status: DYNAMIC
Nel: {"report_to":"cf-nel","success_fraction":0.0,"max_age":604800}
Report-To: {"group":"cf-nel","max_age":604800,"endpoints":[{"url":"https://a.nel.cloudflare.com/report/v4?s=wBUnX8dFxgq4vT63LppGWCn03xr2wj82U%2B%2BpCDm7Kd1%2FMK1EEHlb%2BjkaI%2Fd0dCmbsNdAD4FCJj6Y4823lhT0V%2FjNZSR6968RKJ5dj37Vt8s%3D"}]}
Content-Encoding: gzip
Server: cloudflare
CF-RAY: 96f94ec5c86abb63-CDG
alt-svc: h3=":443"; ma=86400

{
    "id": 1,
    "title": "Fjallraven - Foldsack No. 1 Backpack, Fits 15 Laptops",
    "price": 109.95,
    "description": "Your perfect pack for everyday use and walks in the forest. Stash your laptop (up to 15 inches) in the padded sleeve, your everyday",
    "category": "men's clothing",
    "image": "https://fakestoreapi.com/img/81fPKd-2AYL._AC_SL1500_t.png",
    "rating": {
        "rate": 3.9,
        "count": 120
    }
}
Request method:	GET
Request URI:	https://fakestoreapi.com/products/1
Proxy:			<none>
Request params:	<none>
Query params:	<none>
Form params:	<none>
Path params:	<none>
Headers:		User-Agent=Mozilla/5.0 (CI-Test-Agent)
				Accept=*/*
				Content-Type=application/json
Cookies:		<none>
Multiparts:		<none>
Body:			<none>
HTTP/1.1 200 OK
Date: Fri, 15 Aug 2025 14:16:05 GMT
Content-Type: application/json; charset=utf-8
Transfer-Encoding: chunked
Connection: keep-alive
Access-Control-Allow-Origin: *
Etag: W/"16d-ryVvNeDR+OwaJd+i2vi/OPo/G4Y"
X-Powered-By: Express
Cf-Cache-Status: DYNAMIC
Nel: {"report_to":"cf-nel","success_fraction":0.0,"max_age":604800}
Report-To: {"group":"cf-nel","max_age":604800,"endpoints":[{"url":"https://a.nel.cloudflare.com/report/v4?s=kYilBWLJHqFewWUhD2hx%2B3GAk7Db3a55XnGfQdV7fiFlvpuh4Up2hDygDA035XPJMOCQa7hs6ih4qFhWOi7A7BNHGMnrfltiCp72c0pYqyo%3D"}]}
Content-Encoding: gzip
Server: cloudflare
CF-RAY: 96f94ec94e672a57-CDG
alt-svc: h3=":443"; ma=86400

{
    "id": 1,
    "title": "Fjallraven - Foldsack No. 1 Backpack, Fits 15 Laptops",
    "price": 109.95,
    "description": "Your perfect pack for everyday use and walks in the forest. Stash your laptop (up to 15 inches) in the padded sleeve, your everyday",
    "category": "men's clothing",
    "image": "https://fakestoreapi.com/img/81fPKd-2AYL._AC_SL1500_t.png",
    "rating": {
        "rate": 3.9,
        "count": 120
    }
}
Request method:	GET
Request URI:	https://fakestoreapi.com/products/1
Proxy:			<none>
Request params:	<none>
Query params:	<none>
Form params:	<none>
Path params:	<none>
Headers:		User-Agent=Mozilla/5.0 (CI-Test-Agent)
				Accept=*/*
				Content-Type=application/json
Cookies:		<none>
Multiparts:		<none>
Body:			<none>
HTTP/1.1 200 OK
Date: Fri, 15 Aug 2025 14:16:05 GMT
Content-Type: application/json; charset=utf-8
Transfer-Encoding: chunked
Connection: keep-alive
Access-Control-Allow-Origin: *
Etag: W/"16d-ryVvNeDR+OwaJd+i2vi/OPo/G4Y"
X-Powered-By: Express
Cf-Cache-Status: DYNAMIC
Nel: {"report_to":"cf-nel","success_fraction":0.0,"max_age":604800}
Report-To: {"group":"cf-nel","max_age":604800,"endpoints":[{"url":"https://a.nel.cloudflare.com/report/v4?s=NL1aEU0dsQwbxgYhC2llHDzzR9Q8T%2BFkX%2F09le8t%2BdAPeexKFWYlO235FihVaqtYAHwSkeh7zjEOpWsEb0xAnqs865xQlwYHx5tJ5oA9wxk%3D"}]}
Content-Encoding: gzip
Server: cloudflare
CF-RAY: 96f94eccc9686fc3-CDG
alt-svc: h3=":443"; ma=86400

{
    "id": 1,
    "title": "Fjallraven - Foldsack No. 1 Backpack, Fits 15 Laptops",
    "price": 109.95,
    "description": "Your perfect pack for everyday use and walks in the forest. Stash your laptop (up to 15 inches) in the padded sleeve, your everyday",
    "category": "men's clothing",
    "image": "https://fakestoreapi.com/img/81fPKd-2AYL._AC_SL1500_t.png",
    "rating": {
        "rate": 3.9,
        "count": 120
    }
}
Request method:	GET
Request URI:	https://fakestoreapi.com/products/1
Proxy:			<none>
Request params:	<none>
Query params:	<none>
Form params:	<none>
Path params:	<none>
Headers:		User-Agent=Mozilla/5.0 (CI-Test-Agent)
				Accept=*/*
				Content-Type=application/json
Cookies:		<none>
Multiparts:		<none>
Body:			<none>
HTTP/1.1 200 OK
Date: Fri, 15 Aug 2025 14:16:06 GMT
Content-Type: application/json; charset=utf-8
Transfer-Encoding: chunked
Connection: keep-alive
Access-Control-Allow-Origin: *
Etag: W/"16d-ryVvNeDR+OwaJd+i2vi/OPo/G4Y"
X-Powered-By: Express
Cf-Cache-Status: DYNAMIC
Nel: {"report_to":"cf-nel","success_fraction":0.0,"max_age":604800}
Report-To: {"group":"cf-nel","max_age":604800,"endpoints":[{"url":"https://a.nel.cloudflare.com/report/v4?s=pWmoS3Mo9NBHE5q4ah%2BZKrNhufTEogustJUhvBvm2oJZ0y5IlN9UhmA64sIly2FpB220GQeXz7tAJjz%2FBCY0DOlVHZR8WvD%2BhDrUcWXf6c4%3D"}]}
Content-Encoding: gzip
Server: cloudflare
CF-RAY: 96f94ed03a640692-CDG
alt-svc: h3=":443"; ma=86400

{
    "id": 1,
    "title": "Fjallraven - Foldsack No. 1 Backpack, Fits 15 Laptops",
    "price": 109.95,
    "description": "Your perfect pack for everyday use and walks in the forest. Stash your laptop (up to 15 inches) in the padded sleeve, your everyday",
    "category": "men's clothing",
    "image": "https://fakestoreapi.com/img/81fPKd-2AYL._AC_SL1500_t.png",
    "rating": {
        "rate": 3.9,
        "count": 120
    }
}
Request method:	GET
Request URI:	https://fakestoreapi.com/products/1
Proxy:			<none>
Request params:	<none>
Query params:	<none>
Form params:	<none>
Path params:	<none>
Headers:		User-Agent=Mozilla/5.0 (CI-Test-Agent)
				Accept=*/*
				Content-Type=application/json
Cookies:		<none>
Multiparts:		<none>
Body:			<none>
HTTP/1.1 200 OK
Date: Fri, 15 Aug 2025 14:16:07 GMT
Content-Type: application/json; charset=utf-8
Transfer-Encoding: chunked
Connection: keep-alive
Access-Control-Allow-Origin: *
Etag: W/"16d-ryVvNeDR+OwaJd+i2vi/OPo/G4Y"
X-Powered-By: Express
Cf-Cache-Status: DYNAMIC
Nel: {"report_to":"cf-nel","success_fraction":0.0,"max_age":604800}
Report-To: {"group":"cf-nel","max_age":604800,"endpoints":[{"url":"https://a.nel.cloudflare.com/report/v4?s=6gK4yCNznkf7k0fg83wFC%2BI1hHXLCTc%2BcMZ7f%2FAHeG0jqTwN4tbXRlXxyNfrj8wXPRtTMJTV0gMy%2BXjYETBlW8CWpoErEH5lryTwqHkJCqo%3D"}]}
Content-Encoding: gzip
Server: cloudflare
CF-RAY: 96f94ed46d10d6b6-CDG
alt-svc: h3=":443"; ma=86400

{
    "id": 1,
    "title": "Fjallraven - Foldsack No. 1 Backpack, Fits 15 Laptops",
    "price": 109.95,
    "description": "Your perfect pack for everyday use and walks in the forest. Stash your laptop (up to 15 inches) in the padded sleeve, your everyday",
    "category": "men's clothing",
    "image": "https://fakestoreapi.com/img/81fPKd-2AYL._AC_SL1500_t.png",
    "rating": {
        "rate": 3.9,
        "count": 120
    }
}
Request method:	GET
Request URI:	https://fakestoreapi.com/products/1
Proxy:			<none>
Request params:	<none>
Query params:	<none>
Form params:	<none>
Path params:	<none>
Headers:		User-Agent=Mozilla/5.0 (CI-Test-Agent)
				Accept=*/*
				Content-Type=application/json
Cookies:		<none>
Multiparts:		<none>
Body:			<none>
HTTP/1.1 200 OK
Date: Fri, 15 Aug 2025 14:16:07 GMT
Content-Type: application/json; charset=utf-8
Transfer-Encoding: chunked
Connection: keep-alive
Access-Control-Allow-Origin: *
Etag: W/"16d-ryVvNeDR+OwaJd+i2vi/OPo/G4Y"
X-Powered-By: Express
Cf-Cache-Status: DYNAMIC
Nel: {"report_to":"cf-nel","success_fraction":0.0,"max_age":604800}
Report-To: {"group":"cf-nel","max_age":604800,"endpoints":[{"url":"https://a.nel.cloudflare.com/report/v4?s=%2Fgyu6plSXQAu62U5cNQ9u5IInox6ugtWkYsf%2Fb3k%2BXcQ2S25Z2BBj3qN8yH6t%2BTaecTqoKyAHAoufO0dj%2Foml5RV4UUnM5onBsMb7YVZlcM%3D"}]}
Content-Encoding: gzip
Server: cloudflare
CF-RAY: 96f94ed80ecf216f-CDG
alt-svc: h3=":443"; ma=86400

{
    "id": 1,
    "title": "Fjallraven - Foldsack No. 1 Backpack, Fits 15 Laptops",
    "price": 109.95,
    "description": "Your perfect pack for everyday use and walks in the forest. Stash your laptop (up to 15 inches) in the padded sleeve, your everyday",
    "category": "men's clothing",
    "image": "https://fakestoreapi.com/img/81fPKd-2AYL._AC_SL1500_t.png",
    "rating": {
        "rate": 3.9,
        "count": 120
    }
}
Request method:	GET
Request URI:	https://fakestoreapi.com/products/1
Proxy:			<none>
Request params:	<none>
Query params:	<none>
Form params:	<none>
Path params:	<none>
Headers:		User-Agent=Mozilla/5.0 (CI-Test-Agent)
				Accept=*/*
				Content-Type=application/json
Cookies:		<none>
Multiparts:		<none>
Body:			<none>
HTTP/1.1 200 OK
Date: Fri, 15 Aug 2025 14:16:08 GMT
Content-Type: application/json; charset=utf-8
Transfer-Encoding: chunked
Connection: keep-alive
Access-Control-Allow-Origin: *
Etag: W/"16d-ryVvNeDR+OwaJd+i2vi/OPo/G4Y"
X-Powered-By: Express
Cf-Cache-Status: DYNAMIC
Nel: {"report_to":"cf-nel","success_fraction":0.0,"max_age":604800}
Report-To: {"group":"cf-nel","max_age":604800,"endpoints":[{"url":"https://a.nel.cloudflare.com/report/v4?s=BwOhBuRDdLKxrj%2BichtfYK8PoFguNmysdpg1BpDmAyjm3zVO9kXqooFYx5uxTeQG0rF%2B%2BoPa0vLu%2BnsLdLEMtf%2BOarespAY6rdyqP5dBSUs%3D"}]}
Content-Encoding: gzip
Server: cloudflare
CF-RAY: 96f94edba87902c9-CDG
alt-svc: h3=":443"; ma=86400

{
    "id": 1,
    "title": "Fjallraven - Foldsack No. 1 Backpack, Fits 15 Laptops",
    "price": 109.95,
    "description": "Your perfect pack for everyday use and walks in the forest. Stash your laptop (up to 15 inches) in the padded sleeve, your everyday",
    "category": "men's clothing",
    "image": "https://fakestoreapi.com/img/81fPKd-2AYL._AC_SL1500_t.png",
    "rating": {
        "rate": 3.9,
        "count": 120
    }
}
Request method:	GET
Request URI:	https://fakestoreapi.com/products/1
Proxy:			<none>
Request params:	<none>
Query params:	<none>
Form params:	<none>
Path params:	<none>
Headers:		User-Agent=Mozilla/5.0 (CI-Test-Agent)
				Accept=*/*
				Content-Type=application/json
Cookies:		<none>
Multiparts:		<none>
Body:			<none>
HTTP/1.1 200 OK
Date: Fri, 15 Aug 2025 14:16:09 GMT
Content-Type: application/json; charset=utf-8
Transfer-Encoding: chunked
Connection: keep-alive
Access-Control-Allow-Origin: *
Etag: W/"16d-ryVvNeDR+OwaJd+i2vi/OPo/G4Y"
X-Powered-By: Express
Cf-Cache-Status: DYNAMIC
Nel: {"report_to":"cf-nel","success_fraction":0.0,"max_age":604800}
Report-To: {"group":"cf-nel","max_age":604800,"endpoints":[{"url":"https://a.nel.cloudflare.com/report/v4?s=nm7TM%2Fcl%2B0CXG6AabgEEgLF0YvRTzzTh6Z1OgyL8nh4dQHwcnlsmJfeK3qhnSLrO3Nj%2F5axXKNmV%2FmF0ss6WR6acaSJo2EdymqYnf9cIDx4%3D"}]}
Content-Encoding: gzip
Server: cloudflare
CF-RAY: 96f94ee049d83cc1-CDG
alt-svc: h3=":443"; ma=86400

{
    "id": 1,
    "title": "Fjallraven - Foldsack No. 1 Backpack, Fits 15 Laptops",
    "price": 109.95,
    "description": "Your perfect pack for everyday use and walks in the forest. Stash your laptop (up to 15 inches) in the padded sleeve, your everyday",
    "category": "men's clothing",
    "image": "https://fakestoreapi.com/img/81fPKd-2AYL._AC_SL1500_t.png",
    "rating": {
        "rate": 3.9,
        "count": 120
    }
}
Request method:	GET
Request URI:	https://fakestoreapi.com/products/1
Proxy:			<none>
Request params:	<none>
Query params:	<none>
Form params:	<none>
Path params:	<none>
Headers:		User-Agent=Mozilla/5.0 (CI-Test-Agent)
				Accept=*/*
				Content-Type=application/json
Cookies:		<none>
Multiparts:		<none>
Body:			<none>
HTTP/1.1 200 OK
Date: Fri, 15 Aug 2025 14:16:09 GMT
Content-Type: application/json; charset=utf-8
Transfer-Encoding: chunked
Connection: keep-alive
Access-Control-Allow-Origin: *
Etag: W/"16d-ryVvNeDR+OwaJd+i2vi/OPo/G4Y"
X-Powered-By: Express
Cf-Cache-Status: DYNAMIC
Nel: {"report_to":"cf-nel","success_fraction":0.0,"max_age":604800}
Report-To: {"group":"cf-nel","max_age":604800,"endpoints":[{"url":"https://a.nel.cloudflare.com/report/v4?s=TX%2B0IajNoAw2NOzJqqP%2BNv9L4W4p7PhYWCNgqMOFYhLYp7JJyQF8R2pGBla0C1cDYpa7QnL73RGwQTJyYQXZx2RAuMeg7U5nlaTDsJVdERU%3D"}]}
Content-Encoding: gzip
Server: cloudflare
CF-RAY: 96f94ee419490281-CDG
alt-svc: h3=":443"; ma=86400

{
    "id": 1,
    "title": "Fjallraven - Foldsack No. 1 Backpack, Fits 15 Laptops",
    "price": 109.95,
    "description": "Your perfect pack for everyday use and walks in the forest. Stash your laptop (up to 15 inches) in the padded sleeve, your everyday",
    "category": "men's clothing",
    "image": "https://fakestoreapi.com/img/81fPKd-2AYL._AC_SL1500_t.png",
    "rating": {
        "rate": 3.9,
        "count": 120
    }
}
Request method:	GET
Request URI:	https://fakestoreapi.com/products/1
Proxy:			<none>
Request params:	<none>
Query params:	<none>
Form params:	<none>
Path params:	<none>
Headers:		User-Agent=Mozilla/5.0 (CI-Test-Agent)
				Accept=*/*
				Content-Type=application/json
Cookies:		<none>
Multiparts:		<none>
Body:			<none>
HTTP/1.1 200 OK
Date: Fri, 15 Aug 2025 14:16:10 GMT
Content-Type: application/json; charset=utf-8
Transfer-Encoding: chunked
Connection: keep-alive
Access-Control-Allow-Origin: *
Etag: W/"16d-ryVvNeDR+OwaJd+i2vi/OPo/G4Y"
X-Powered-By: Express
Cf-Cache-Status: DYNAMIC
Nel: {"report_to":"cf-nel","success_fraction":0.0,"max_age":604800}
Report-To: {"group":"cf-nel","max_age":604800,"endpoints":[{"url":"https://a.nel.cloudflare.com/report/v4?s=6dPE8z%2FdevkosqmpIGHRmANVW5svkuSU6dqAjeCtlZ21mKw%2FRBui5Uvc9NgGIxMZcK%2Bd6ccM4qIk4zX9va3WaLID1A6kilhqQpHMT7i%2FM4M%3D"}]}
Content-Encoding: gzip
Server: cloudflare
CF-RAY: 96f94ee7de64709b-CDG
alt-svc: h3=":443"; ma=86400

{
    "id": 1,
    "title": "Fjallraven - Foldsack No. 1 Backpack, Fits 15 Laptops",
    "price": 109.95,
    "description": "Your perfect pack for everyday use and walks in the forest. Stash your laptop (up to 15 inches) in the padded sleeve, your everyday",
    "category": "men's clothing",
    "image": "https://fakestoreapi.com/img/81fPKd-2AYL._AC_SL1500_t.png",
    "rating": {
        "rate": 3.9,
        "count": 120
    }
}
Request method:	GET
Request URI:	https://fakestoreapi.com/products/1
Proxy:			<none>
Request params:	<none>
Query params:	<none>
Form params:	<none>
Path params:	<none>
Headers:		User-Agent=Mozilla/5.0 (CI-Test-Agent)
				Accept=*/*
				Content-Type=application/json
Cookies:		<none>
Multiparts:		<none>
Body:			<none>
HTTP/1.1 200 OK
Date: Fri, 15 Aug 2025 14:16:10 GMT
Content-Type: application/json; charset=utf-8
Transfer-Encoding: chunked
Connection: keep-alive
Access-Control-Allow-Origin: *
Etag: W/"16d-ryVvNeDR+OwaJd+i2vi/OPo/G4Y"
X-Powered-By: Express
Cf-Cache-Status: DYNAMIC
Nel: {"report_to":"cf-nel","success_fraction":0.0,"max_age":604800}
Report-To: {"group":"cf-nel","max_age":604800,"endpoints":[{"url":"https://a.nel.cloudflare.com/report/v4?s=fvMnvuqmaM%2Fo0enNv4Db%2BMZf4IG3Y7TA%2Fqi7uieD38i%2BZfDUR5rwOBtRCw9%2BkwlKpKtVpJ12D1IECLOusjj%2F%2BxfrOavxQuz5UvyftMK6AKE%3D"}]}
Content-Encoding: gzip
Server: cloudflare
CF-RAY: 96f94eeb98197829-CDG
alt-svc: h3=":443"; ma=86400

{
    "id": 1,
    "title": "Fjallraven - Foldsack No. 1 Backpack, Fits 15 Laptops",
    "price": 109.95,
    "description": "Your perfect pack for everyday use and walks in the forest. Stash your laptop (up to 15 inches) in the padded sleeve, your everyday",
    "category": "men's clothing",
    "image": "https://fakestoreapi.com/img/81fPKd-2AYL._AC_SL1500_t.png",
    "rating": {
        "rate": 3.9,
        "count": 120
    }
}
Request method:	GET
Request URI:	https://fakestoreapi.com/products/1
Proxy:			<none>
Request params:	<none>
Query params:	<none>
Form params:	<none>
Path params:	<none>
Headers:		User-Agent=Mozilla/5.0 (CI-Test-Agent)
				Accept=*/*
				Content-Type=application/json
Cookies:		<none>
Multiparts:		<none>
Body:			<none>
HTTP/1.1 200 OK
Date: Fri, 15 Aug 2025 14:16:11 GMT
Content-Type: application/json; charset=utf-8
Transfer-Encoding: chunked
Connection: keep-alive
Access-Control-Allow-Origin: *
Etag: W/"16d-ryVvNeDR+OwaJd+i2vi/OPo/G4Y"
X-Powered-By: Express
Cf-Cache-Status: DYNAMIC
Nel: {"report_to":"cf-nel","success_fraction":0.0,"max_age":604800}
Report-To: {"group":"cf-nel","max_age":604800,"endpoints":[{"url":"https://a.nel.cloudflare.com/report/v4?s=3SyhvHIbvzSYSbO%2FrJ2RsesV4yd5JHkKXvTsKKKO1J6f5evTMevowEOqZTzq50iOpdSO7bADU763lhMIkDeBK%2Bjm2NKZpy79UISlbEjuUic%3D"}]}
Content-Encoding: gzip
Server: cloudflare
CF-RAY: 96f94ef02eb901bb-CDG
alt-svc: h3=":443"; ma=86400

{
    "id": 1,
    "title": "Fjallraven - Foldsack No. 1 Backpack, Fits 15 Laptops",
    "price": 109.95,
    "description": "Your perfect pack for everyday use and walks in the forest. Stash your laptop (up to 15 inches) in the padded sleeve, your everyday",
    "category": "men's clothing",
    "image": "https://fakestoreapi.com/img/81fPKd-2AYL._AC_SL1500_t.png",
    "rating": {
        "rate": 3.9,
        "count": 120
    }
}
Request method:	GET
Request URI:	https://fakestoreapi.com/products/1
Proxy:			<none>
Request params:	<none>
Query params:	<none>
Form params:	<none>
Path params:	<none>
Headers:		User-Agent=Mozilla/5.0 (CI-Test-Agent)
				Accept=*/*
				Content-Type=application/json
Cookies:		<none>
Multiparts:		<none>
Body:			<none>
HTTP/1.1 200 OK
Date: Fri, 15 Aug 2025 14:16:12 GMT
Content-Type: application/json; charset=utf-8
Transfer-Encoding: chunked
Connection: keep-alive
Access-Control-Allow-Origin: *
Etag: W/"16d-ryVvNeDR+OwaJd+i2vi/OPo/G4Y"
X-Powered-By: Express
Cf-Cache-Status: DYNAMIC
Nel: {"report_to":"cf-nel","success_fraction":0.0,"max_age":604800}
Report-To: {"group":"cf-nel","max_age":604800,"endpoints":[{"url":"https://a.nel.cloudflare.com/report/v4?s=dhkI2bd26BjEosnZlRSxH1TuxWTm8Fm6gFah%2FYX2a4zKvKTJrN6K2KtdCot%2FSJPkH8bHC8YRm3kQMwYqrzK64oBkn12cPJDG%2BcpZL%2Bzuh0o%3D"}]}
Content-Encoding: gzip
Server: cloudflare
CF-RAY: 96f94ef3eeed6f69-CDG
alt-svc: h3=":443"; ma=86400

{
    "id": 1,
    "title": "Fjallraven - Foldsack No. 1 Backpack, Fits 15 Laptops",
    "price": 109.95,
    "description": "Your perfect pack for everyday use and walks in the forest. Stash your laptop (up to 15 inches) in the padded sleeve, your everyday",
    "category": "men's clothing",
    "image": "https://fakestoreapi.com/img/81fPKd-2AYL._AC_SL1500_t.png",
    "rating": {
        "rate": 3.9,
        "count": 120
    }
}
Request method:	GET
Request URI:	https://fakestoreapi.com/products/1
Proxy:			<none>
Request params:	<none>
Query params:	<none>
Form params:	<none>
Path params:	<none>
Headers:		User-Agent=Mozilla/5.0 (CI-Test-Agent)
				Accept=*/*
				Content-Type=application/json
Cookies:		<none>
Multiparts:		<none>
Body:			<none>
HTTP/1.1 200 OK
Date: Fri, 15 Aug 2025 14:16:12 GMT
Content-Type: application/json; charset=utf-8
Transfer-Encoding: chunked
Connection: keep-alive
Access-Control-Allow-Origin: *
Etag: W/"16d-ryVvNeDR+OwaJd+i2vi/OPo/G4Y"
X-Powered-By: Express
Cf-Cache-Status: DYNAMIC
Nel: {"report_to":"cf-nel","success_fraction":0.0,"max_age":604800}
Report-To: {"group":"cf-nel","max_age":604800,"endpoints":[{"url":"https://a.nel.cloudflare.com/report/v4?s=TGIcebobfcn2JxqhIAAq7UFWnu10%2BYWArGwJRudEZ91GIj9JNmPBM6vBaFzaMhx0INKVpke84kLZ0nHolgDmAo4RCcjScGM%2B0TeFihHzcD0%3D"}]}
Content-Encoding: gzip
Server: cloudflare
CF-RAY: 96f94ef7fce26f4e-CDG
alt-svc: h3=":443"; ma=86400

{
    "id": 1,
    "title": "Fjallraven - Foldsack No. 1 Backpack, Fits 15 Laptops",
    "price": 109.95,
    "description": "Your perfect pack for everyday use and walks in the forest. Stash your laptop (up to 15 inches) in the padded sleeve, your everyday",
    "category": "men's clothing",
    "image": "https://fakestoreapi.com/img/81fPKd-2AYL._AC_SL1500_t.png",
    "rating": {
        "rate": 3.9,
        "count": 120
    }
}
Request method:	GET
Request URI:	https://fakestoreapi.com/products/1
Proxy:			<none>
Request params:	<none>
Query params:	<none>
Form params:	<none>
Path params:	<none>
Headers:		User-Agent=Mozilla/5.0 (CI-Test-Agent)
				Accept=*/*
				Content-Type=application/json
Cookies:		<none>
Multiparts:		<none>
Body:			<none>
HTTP/1.1 200 OK
Date: Fri, 15 Aug 2025 14:16:13 GMT
Content-Type: application/json; charset=utf-8
Transfer-Encoding: chunked
Connection: keep-alive
Access-Control-Allow-Origin: *
Etag: W/"16d-ryVvNeDR+OwaJd+i2vi/OPo/G4Y"
X-Powered-By: Express
Cf-Cache-Status: DYNAMIC
Nel: {"report_to":"cf-nel","success_fraction":0.0,"max_age":604800}
Report-To: {"group":"cf-nel","max_age":604800,"endpoints":[{"url":"https://a.nel.cloudflare.com/report/v4?s=BqoysRPgC6RqJTx0xsUyPBB%2FgEi1pc6glFAWPB9R0dU97VVAkNanJDbrkFj34xk1U3xYqz8L27uM7dxBvWPGT1yDn8PsjYgBRCKoZHdju1U%3D"}]}
Content-Encoding: gzip
Server: cloudflare
CF-RAY: 96f94efbfcfca289-CDG
alt-svc: h3=":443"; ma=86400

{
    "id": 1,
    "title": "Fjallraven - Foldsack No. 1 Backpack, Fits 15 Laptops",
    "price": 109.95,
    "description": "Your perfect pack for everyday use and walks in the forest. Stash your laptop (up to 15 inches) in the padded sleeve, your everyday",
    "category": "men's clothing",
    "image": "https://fakestoreapi.com/img/81fPKd-2AYL._AC_SL1500_t.png",
    "rating": {
        "rate": 3.9,
        "count": 120
    }
}
Request method:	GET
Request URI:	https://fakestoreapi.com/products/1
Proxy:			<none>
Request params:	<none>
Query params:	<none>
Form params:	<none>
Path params:	<none>
Headers:		User-Agent=Mozilla/5.0 (CI-Test-Agent)
				Accept=*/*
				Content-Type=application/json
Cookies:		<none>
Multiparts:		<none>
Body:			<none>
HTTP/1.1 200 OK
Date: Fri, 15 Aug 2025 14:16:14 GMT
Content-Type: application/json; charset=utf-8
Transfer-Encoding: chunked
Connection: keep-alive
Access-Control-Allow-Origin: *
Etag: W/"16d-ryVvNeDR+OwaJd+i2vi/OPo/G4Y"
X-Powered-By: Express
Cf-Cache-Status: DYNAMIC
Nel: {"report_to":"cf-nel","success_fraction":0.0,"max_age":604800}
Report-To: {"group":"cf-nel","max_age":604800,"endpoints":[{"url":"https://a.nel.cloudflare.com/report/v4?s=DpREsSkmtF%2FN81s4CiVEL7nLK3XyUrGAEFQDNeHKty0rLcxFNu4CW9jVBSiaUo7PUJH%2F351CG85oDDiMXAiGug38bvueIIyF7Db5a9FOU%2B0%3D"}]}
Content-Encoding: gzip
Server: cloudflare
CF-RAY: 96f94efffd1bbb87-CDG
alt-svc: h3=":443"; ma=86400

{
    "id": 1,
    "title": "Fjallraven - Foldsack No. 1 Backpack, Fits 15 Laptops",
    "price": 109.95,
    "description": "Your perfect pack for everyday use and walks in the forest. Stash your laptop (up to 15 inches) in the padded sleeve, your everyday",
    "category": "men's clothing",
    "image": "https://fakestoreapi.com/img/81fPKd-2AYL._AC_SL1500_t.png",
    "rating": {
        "rate": 3.9,
        "count": 120
    }
}
Request method:	GET
Request URI:	https://fakestoreapi.com/products/1
Proxy:			<none>
Request params:	<none>
Query params:	<none>
Form params:	<none>
Path params:	<none>
Headers:		User-Agent=Mozilla/5.0 (CI-Test-Agent)
				Accept=*/*
				Content-Type=application/json
Cookies:		<none>
Multiparts:		<none>
Body:			<none>
HTTP/1.1 200 OK
Date: Fri, 15 Aug 2025 14:16:14 GMT
Content-Type: application/json; charset=utf-8
Transfer-Encoding: chunked
Connection: keep-alive
Access-Control-Allow-Origin: *
Etag: W/"16d-ryVvNeDR+OwaJd+i2vi/OPo/G4Y"
X-Powered-By: Express
Cf-Cache-Status: DYNAMIC
Nel: {"report_to":"cf-nel","success_fraction":0.0,"max_age":604800}
Report-To: {"group":"cf-nel","max_age":604800,"endpoints":[{"url":"https://a.nel.cloudflare.com/report/v4?s=fxn4YDngTgqEMt2ug3Y3EDxQJMAH%2BBdb35bjgi05s77BfMe5CCCCeL2imBikuDRNdg9FH17lfCOhQ3JhERuyFdnS4T2JCqM%2F5CcwoWvbMzU%3D"}]}
Content-Encoding: gzip
Server: cloudflare
CF-RAY: 96f94f03ea3b42ba-CDG
alt-svc: h3=":443"; ma=86400

{
    "id": 1,
    "title": "Fjallraven - Foldsack No. 1 Backpack, Fits 15 Laptops",
    "price": 109.95,
    "description": "Your perfect pack for everyday use and walks in the forest. Stash your laptop (up to 15 inches) in the padded sleeve, your everyday",
    "category": "men's clothing",
    "image": "https://fakestoreapi.com/img/81fPKd-2AYL._AC_SL1500_t.png",
    "rating": {
        "rate": 3.9,
        "count": 120
    }
}
Request method:	GET
Request URI:	https://fakestoreapi.com/products/1
Proxy:			<none>
Request params:	<none>
Query params:	<none>
Form params:	<none>
Path params:	<none>
Headers:		User-Agent=Mozilla/5.0 (CI-Test-Agent)
				Accept=*/*
				Content-Type=application/json
Cookies:		<none>
Multiparts:		<none>
Body:			<none>
HTTP/1.1 200 OK
Date: Fri, 15 Aug 2025 14:16:15 GMT
Content-Type: application/json; charset=utf-8
Transfer-Encoding: chunked
Connection: keep-alive
Access-Control-Allow-Origin: *
Etag: W/"16d-ryVvNeDR+OwaJd+i2vi/OPo/G4Y"
X-Powered-By: Express
Cf-Cache-Status: DYNAMIC
Nel: {"report_to":"cf-nel","success_fraction":0.0,"max_age":604800}
Report-To: {"group":"cf-nel","max_age":604800,"endpoints":[{"url":"https://a.nel.cloudflare.com/report/v4?s=2cQkTASKqjXJZ1%2FJpFE6jaQ0sWpbU4wXmk6ROaK0UYF5iPkhcJOhzSCeIzgRTaNsRzxG7ufiTmJgxlQqN0RbshGuiygfuvNc7t1J3z23kxY%3D"}]}
Content-Encoding: gzip
Server: cloudflare
CF-RAY: 96f94f083d56647a-CDG
alt-svc: h3=":443"; ma=86400

{
    "id": 1,
    "title": "Fjallraven - Foldsack No. 1 Backpack, Fits 15 Laptops",
    "price": 109.95,
    "description": "Your perfect pack for everyday use and walks in the forest. Stash your laptop (up to 15 inches) in the padded sleeve, your everyday",
    "category": "men's clothing",
    "image": "https://fakestoreapi.com/img/81fPKd-2AYL._AC_SL1500_t.png",
    "rating": {
        "rate": 3.9,
        "count": 120
    }
}
Request method:	GET
Request URI:	https://fakestoreapi.com/products/1
Proxy:			<none>
Request params:	<none>
Query params:	<none>
Form params:	<none>
Path params:	<none>
Headers:		User-Agent=Mozilla/5.0 (CI-Test-Agent)
				Accept=*/*
				Content-Type=application/json
Cookies:		<none>
Multiparts:		<none>
Body:			<none>
HTTP/1.1 200 OK
Date: Fri, 15 Aug 2025 14:16:15 GMT
Content-Type: application/json; charset=utf-8
Transfer-Encoding: chunked
Connection: keep-alive
Access-Control-Allow-Origin: *
Etag: W/"16d-ryVvNeDR+OwaJd+i2vi/OPo/G4Y"
X-Powered-By: Express
Cf-Cache-Status: DYNAMIC
Nel: {"report_to":"cf-nel","success_fraction":0.0,"max_age":604800}
Report-To: {"group":"cf-nel","max_age":604800,"endpoints":[{"url":"https://a.nel.cloudflare.com/report/v4?s=waD7ppmI8L6R%2FnAuI%2FwPtffnEVz6IE0VW9Ndo%2F2HdEJ0NFnR%2FNbk0ZDd60clpJhJjZ%2Br5%2FEav2xiPITmUkhysctZOJIuTJpKQQhB3cVCULs%3D"}]}
Content-Encoding: gzip
Server: cloudflare
CF-RAY: 96f94f0b6e866ee7-CDG
alt-svc: h3=":443"; ma=86400

{
    "id": 1,
    "title": "Fjallraven - Foldsack No. 1 Backpack, Fits 15 Laptops",
    "price": 109.95,
    "description": "Your perfect pack for everyday use and walks in the forest. Stash your laptop (up to 15 inches) in the padded sleeve, your everyday",
    "category": "men's clothing",
    "image": "https://fakestoreapi.com/img/81fPKd-2AYL._AC_SL1500_t.png",
    "rating": {
        "rate": 3.9,
        "count": 120
    }
}
Request method:	GET
Request URI:	https://fakestoreapi.com/products/1
Proxy:			<none>
Request params:	<none>
Query params:	<none>
Form params:	<none>
Path params:	<none>
Headers:		User-Agent=Mozilla/5.0 (CI-Test-Agent)
				Accept=*/*
				Content-Type=application/json
Cookies:		<none>
Multiparts:		<none>
Body:			<none>
HTTP/1.1 200 OK
Date: Fri, 15 Aug 2025 14:16:16 GMT
Content-Type: application/json; charset=utf-8
Transfer-Encoding: chunked
Connection: keep-alive
Access-Control-Allow-Origin: *
Etag: W/"16d-ryVvNeDR+OwaJd+i2vi/OPo/G4Y"
X-Powered-By: Express
Cf-Cache-Status: DYNAMIC
Nel: {"report_to":"cf-nel","success_fraction":0.0,"max_age":604800}
Report-To: {"group":"cf-nel","max_age":604800,"endpoints":[{"url":"https://a.nel.cloudflare.com/report/v4?s=eOp3m0WVWkGL%2BqM%2BTINQ5n0iMNN%2F5zmMCYYgMaU7e3OXvkdblysyNWF3rsZZ9PpnMh5fyLuCSSOP0%2Bw9cJ1mBh0o6HMFFSRtd%2BhlfZ0s07s%3D"}]}
Content-Encoding: gzip
Server: cloudflare
CF-RAY: 96f94f0efe7af4e7-CDG
alt-svc: h3=":443"; ma=86400

{
    "id": 1,
    "title": "Fjallraven - Foldsack No. 1 Backpack, Fits 15 Laptops",
    "price": 109.95,
    "description": "Your perfect pack for everyday use and walks in the forest. Stash your laptop (up to 15 inches) in the padded sleeve, your everyday",
    "category": "men's clothing",
    "image": "https://fakestoreapi.com/img/81fPKd-2AYL._AC_SL1500_t.png",
    "rating": {
        "rate": 3.9,
        "count": 120
    }
}
Request method:	GET
Request URI:	https://fakestoreapi.com/products/1
Proxy:			<none>
Request params:	<none>
Query params:	<none>
Form params:	<none>
Path params:	<none>
Headers:		User-Agent=Mozilla/5.0 (CI-Test-Agent)
				Accept=*/*
				Content-Type=application/json
Cookies:		<none>
Multiparts:		<none>
Body:			<none>
HTTP/1.1 200 OK
Date: Fri, 15 Aug 2025 14:16:17 GMT
Content-Type: application/json; charset=utf-8
Transfer-Encoding: chunked
Connection: keep-alive
Access-Control-Allow-Origin: *
Etag: W/"16d-ryVvNeDR+OwaJd+i2vi/OPo/G4Y"
X-Powered-By: Express
Cf-Cache-Status: DYNAMIC
Nel: {"report_to":"cf-nel","success_fraction":0.0,"max_age":604800}
Report-To: {"group":"cf-nel","max_age":604800,"endpoints":[{"url":"https://a.nel.cloudflare.com/report/v4?s=5adjU1f%2F8xj5uE%2F%2FMr15mA4L9qEiWWCmRLIEoj7JT2OF8A%2FTPIsfOLLtNHeR8kweHHuLbWfNXUsLCc9HARIexFxAlw9dq5sjVh7FovZmjio%3D"}]}
Content-Encoding: gzip
Server: cloudflare
CF-RAY: 96f94f132e869ebf-CDG
alt-svc: h3=":443"; ma=86400

{
    "id": 1,
    "title": "Fjallraven - Foldsack No. 1 Backpack, Fits 15 Laptops",
    "price": 109.95,
    "description": "Your perfect pack for everyday use and walks in the forest. Stash your laptop (up to 15 inches) in the padded sleeve, your everyday",
    "category": "men's clothing",
    "image": "https://fakestoreapi.com/img/81fPKd-2AYL._AC_SL1500_t.png",
    "rating": {
        "rate": 3.9,
        "count": 120
    }
}
Request method:	GET
Request URI:	https://fakestoreapi.com/products/1
Proxy:			<none>
Request params:	<none>
Query params:	<none>
Form params:	<none>
Path params:	<none>
Headers:		User-Agent=Mozilla/5.0 (CI-Test-Agent)
				Accept=*/*
				Content-Type=application/json
Cookies:		<none>
Multiparts:		<none>
Body:			<none>
HTTP/1.1 200 OK
Date: Fri, 15 Aug 2025 14:16:17 GMT
Content-Type: application/json; charset=utf-8
Transfer-Encoding: chunked
Connection: keep-alive
Access-Control-Allow-Origin: *
Etag: W/"16d-ryVvNeDR+OwaJd+i2vi/OPo/G4Y"
X-Powered-By: Express
Cf-Cache-Status: DYNAMIC
Nel: {"report_to":"cf-nel","success_fraction":0.0,"max_age":604800}
Report-To: {"group":"cf-nel","max_age":604800,"endpoints":[{"url":"https://a.nel.cloudflare.com/report/v4?s=cxeZoEL3W3ptdpbmysxPpIL9DmtK30kgJujHHrz4aGA6nuTC94tUt4OZYttrwNhWipEa%2B8vEo%2FP62Owj%2BGMP6nWZl%2BKIMLrhvwXtP2KGARQ%3D"}]}
Content-Encoding: gzip
Server: cloudflare
CF-RAY: 96f94f173bc08156-CDG
alt-svc: h3=":443"; ma=86400

{
    "id": 1,
    "title": "Fjallraven - Foldsack No. 1 Backpack, Fits 15 Laptops",
    "price": 109.95,
    "description": "Your perfect pack for everyday use and walks in the forest. Stash your laptop (up to 15 inches) in the padded sleeve, your everyday",
    "category": "men's clothing",
    "image": "https://fakestoreapi.com/img/81fPKd-2AYL._AC_SL1500_t.png",
    "rating": {
        "rate": 3.9,
        "count": 120
    }
}
Request method:	GET
Request URI:	https://fakestoreapi.com/products/1
Proxy:			<none>
Request params:	<none>
Query params:	<none>
Form params:	<none>
Path params:	<none>
Headers:		User-Agent=Mozilla/5.0 (CI-Test-Agent)
				Accept=*/*
				Content-Type=application/json
Cookies:		<none>
Multiparts:		<none>
Body:			<none>
HTTP/1.1 200 OK
Date: Fri, 15 Aug 2025 14:16:18 GMT
Content-Type: application/json; charset=utf-8
Transfer-Encoding: chunked
Connection: keep-alive
Access-Control-Allow-Origin: *
Etag: W/"16d-ryVvNeDR+OwaJd+i2vi/OPo/G4Y"
X-Powered-By: Express
Cf-Cache-Status: DYNAMIC
Nel: {"report_to":"cf-nel","success_fraction":0.0,"max_age":604800}
Report-To: {"group":"cf-nel","max_age":604800,"endpoints":[{"url":"https://a.nel.cloudflare.com/report/v4?s=sZz1DSJi0kn7oFjXsDwuTdO8ApkzUq5jz2fy3YBm4zyguOmDs5khtD4kK6tS3nxk1Ljn3Jzd1nFCqloWHL1YauwHmYmjeh%2BVYmaMP%2F802SY%3D"}]}
Content-Encoding: gzip
Server: cloudflare
CF-RAY: 96f94f1afcf1d0a3-CDG
alt-svc: h3=":443"; ma=86400

{
    "id": 1,
    "title": "Fjallraven - Foldsack No. 1 Backpack, Fits 15 Laptops",
    "price": 109.95,
    "description": "Your perfect pack for everyday use and walks in the forest. Stash your laptop (up to 15 inches) in the padded sleeve, your everyday",
    "category": "men's clothing",
    "image": "https://fakestoreapi.com/img/81fPKd-2AYL._AC_SL1500_t.png",
    "rating": {
        "rate": 3.9,
        "count": 120
    }
}
Request method:	GET
Request URI:	https://fakestoreapi.com/products/1
Proxy:			<none>
Request params:	<none>
Query params:	<none>
Form params:	<none>
Path params:	<none>
Headers:		User-Agent=Mozilla/5.0 (CI-Test-Agent)
				Accept=*/*
				Content-Type=application/json
Cookies:		<none>
Multiparts:		<none>
Body:			<none>
HTTP/1.1 200 OK
Date: Fri, 15 Aug 2025 14:16:18 GMT
Content-Type: application/json; charset=utf-8
Transfer-Encoding: chunked
Connection: keep-alive
Access-Control-Allow-Origin: *
Etag: W/"16d-ryVvNeDR+OwaJd+i2vi/OPo/G4Y"
X-Powered-By: Express
Cf-Cache-Status: DYNAMIC
Nel: {"report_to":"cf-nel","success_fraction":0.0,"max_age":604800}
Report-To: {"group":"cf-nel","max_age":604800,"endpoints":[{"url":"https://a.nel.cloudflare.com/report/v4?s=PKUxzS%2BZ1F3b6Jti29KR9trlFS74Y7eDe4JSnz5dHlFgQxst7oF%2FimINu3iqOynnAoyeijdmbOAPSxp%2F4l7WK%2BqwU4Tan1OyHNH%2F3gBP6Jw%3D"}]}
Content-Encoding: gzip
Server: cloudflare
CF-RAY: 96f94f1dffec13f4-CDG
alt-svc: h3=":443"; ma=86400

{
    "id": 1,
    "title": "Fjallraven - Foldsack No. 1 Backpack, Fits 15 Laptops",
    "price": 109.95,
    "description": "Your perfect pack for everyday use and walks in the forest. Stash your laptop (up to 15 inches) in the padded sleeve, your everyday",
    "category": "men's clothing",
    "image": "https://fakestoreapi.com/img/81fPKd-2AYL._AC_SL1500_t.png",
    "rating": {
        "rate": 3.9,
        "count": 120
    }
}
Request method:	GET
Request URI:	https://fakestoreapi.com/products/1
Proxy:			<none>
Request params:	<none>
Query params:	<none>
Form params:	<none>
Path params:	<none>
Headers:		User-Agent=Mozilla/5.0 (CI-Test-Agent)
				Accept=*/*
				Content-Type=application/json
Cookies:		<none>
Multiparts:		<none>
Body:			<none>
HTTP/1.1 200 OK
Date: Fri, 15 Aug 2025 14:16:19 GMT
Content-Type: application/json; charset=utf-8
Transfer-Encoding: chunked
Connection: keep-alive
Access-Control-Allow-Origin: *
Etag: W/"16d-ryVvNeDR+OwaJd+i2vi/OPo/G4Y"
X-Powered-By: Express
Cf-Cache-Status: DYNAMIC
Nel: {"report_to":"cf-nel","success_fraction":0.0,"max_age":604800}
Report-To: {"group":"cf-nel","max_age":604800,"endpoints":[{"url":"https://a.nel.cloudflare.com/report/v4?s=OVFbxDdfViZrZsjvw088XzA9auD3Dk26Lo7jWcCRHtKEke2pQNru5MK8COHZXLC3oizunyORGGWSISmBA%2FVxX90HCMPByzS%2BGmY6uNXPBYo%3D"}]}
Content-Encoding: gzip
Server: cloudflare
CF-RAY: 96f94f220ee4d118-CDG
alt-svc: h3=":443"; ma=86400

{
    "id": 1,
    "title": "Fjallraven - Foldsack No. 1 Backpack, Fits 15 Laptops",
    "price": 109.95,
    "description": "Your perfect pack for everyday use and walks in the forest. Stash your laptop (up to 15 inches) in the padded sleeve, your everyday",
    "category": "men's clothing",
    "image": "https://fakestoreapi.com/img/81fPKd-2AYL._AC_SL1500_t.png",
    "rating": {
        "rate": 3.9,
        "count": 120
    }
}
Request method:	GET
Request URI:	https://fakestoreapi.com/products/1
Proxy:			<none>
Request params:	<none>
Query params:	<none>
Form params:	<none>
Path params:	<none>
Headers:		User-Agent=Mozilla/5.0 (CI-Test-Agent)
				Accept=*/*
				Content-Type=application/json
Cookies:		<none>
Multiparts:		<none>
Body:			<none>
HTTP/1.1 200 OK
Date: Fri, 15 Aug 2025 14:16:20 GMT
Content-Type: application/json; charset=utf-8
Transfer-Encoding: chunked
Connection: keep-alive
Access-Control-Allow-Origin: *
Etag: W/"16d-ryVvNeDR+OwaJd+i2vi/OPo/G4Y"
X-Powered-By: Express
Cf-Cache-Status: DYNAMIC
Nel: {"report_to":"cf-nel","success_fraction":0.0,"max_age":604800}
Report-To: {"group":"cf-nel","max_age":604800,"endpoints":[{"url":"https://a.nel.cloudflare.com/report/v4?s=Z0hh1WfHbQhz8mqMGZzkgvmSINqWPEJkO5jAxI3SzYS4NXx%2BxrPjkk1of9Nowxpbv4E%2FuRFSUlmjM9vspltaIISMQZewdNPc17p906jYz0g%3D"}]}
Content-Encoding: gzip
Server: cloudflare
CF-RAY: 96f94f263ccaf345-CDG
alt-svc: h3=":443"; ma=86400

{
    "id": 1,
    "title": "Fjallraven - Foldsack No. 1 Backpack, Fits 15 Laptops",
    "price": 109.95,
    "description": "Your perfect pack for everyday use and walks in the forest. Stash your laptop (up to 15 inches) in the padded sleeve, your everyday",
    "category": "men's clothing",
    "image": "https://fakestoreapi.com/img/81fPKd-2AYL._AC_SL1500_t.png",
    "rating": {
        "rate": 3.9,
        "count": 120
    }
}
Request method:	GET
Request URI:	https://fakestoreapi.com/products/1
Proxy:			<none>
Request params:	<none>
Query params:	<none>
Form params:	<none>
Path params:	<none>
Headers:		User-Agent=Mozilla/5.0 (CI-Test-Agent)
				Accept=*/*
				Content-Type=application/json
Cookies:		<none>
Multiparts:		<none>
Body:			<none>
HTTP/1.1 200 OK
Date: Fri, 15 Aug 2025 14:16:20 GMT
Content-Type: application/json; charset=utf-8
Transfer-Encoding: chunked
Connection: keep-alive
Access-Control-Allow-Origin: *
Etag: W/"16d-ryVvNeDR+OwaJd+i2vi/OPo/G4Y"
X-Powered-By: Express
Cf-Cache-Status: DYNAMIC
Nel: {"report_to":"cf-nel","success_fraction":0.0,"max_age":604800}
Report-To: {"group":"cf-nel","max_age":604800,"endpoints":[{"url":"https://a.nel.cloudflare.com/report/v4?s=sR7I9HOP7TJJ4ELepj8rnrC7iqZhWADGAYX6nI%2FA6k27XcLfygq%2Bvf0rNVqRDbmqNowq0KJILTm1VHmaFsyNaiak67cgOcQyi4COHPlZplk%3D"}]}
Content-Encoding: gzip
Server: cloudflare
CF-RAY: 96f94f2a0d189e85-CDG
alt-svc: h3=":443"; ma=86400

{
    "id": 1,
    "title": "Fjallraven - Foldsack No. 1 Backpack, Fits 15 Laptops",
    "price": 109.95,
    "description": "Your perfect pack for everyday use and walks in the forest. Stash your laptop (up to 15 inches) in the padded sleeve, your everyday",
    "category": "men's clothing",
    "image": "https://fakestoreapi.com/img/81fPKd-2AYL._AC_SL1500_t.png",
    "rating": {
        "rate": 3.9,
        "count": 120
    }
}
Request method:	GET
Request URI:	https://fakestoreapi.com/products/1
Proxy:			<none>
Request params:	<none>
Query params:	<none>
Form params:	<none>
Path params:	<none>
Headers:		User-Agent=Mozilla/5.0 (CI-Test-Agent)
				Accept=*/*
				Content-Type=application/json
Cookies:		<none>
Multiparts:		<none>
Body:			<none>
HTTP/1.1 200 OK
Date: Fri, 15 Aug 2025 14:16:21 GMT
Content-Type: application/json; charset=utf-8
Transfer-Encoding: chunked
Connection: keep-alive
Access-Control-Allow-Origin: *
Etag: W/"16d-ryVvNeDR+OwaJd+i2vi/OPo/G4Y"
X-Powered-By: Express
Cf-Cache-Status: DYNAMIC
Nel: {"report_to":"cf-nel","success_fraction":0.0,"max_age":604800}
Report-To: {"group":"cf-nel","max_age":604800,"endpoints":[{"url":"https://a.nel.cloudflare.com/report/v4?s=kj7JnmJmaTYLrTOPZ85dCd8xDgpdZL%2BwWW9hIWQs3z554KA%2B%2FEMQzFhjQjZmRAPKRi12gMChlsUBvum6HiHUiMIDa3m1w5eIfmKzxTP25lU%3D"}]}
Content-Encoding: gzip
Server: cloudflare
CF-RAY: 96f94f2de8c3034e-CDG
alt-svc: h3=":443"; ma=86400

{
    "id": 1,
    "title": "Fjallraven - Foldsack No. 1 Backpack, Fits 15 Laptops",
    "price": 109.95,
    "description": "Your perfect pack for everyday use and walks in the forest. Stash your laptop (up to 15 inches) in the padded sleeve, your everyday",
    "category": "men's clothing",
    "image": "https://fakestoreapi.com/img/81fPKd-2AYL._AC_SL1500_t.png",
    "rating": {
        "rate": 3.9,
        "count": 120
    }
}
Request method:	GET
Request URI:	https://fakestoreapi.com/products/1
Proxy:			<none>
Request params:	<none>
Query params:	<none>
Form params:	<none>
Path params:	<none>
Headers:		User-Agent=Mozilla/5.0 (CI-Test-Agent)
				Accept=*/*
				Content-Type=application/json
Cookies:		<none>
Multiparts:		<none>
Body:			<none>
HTTP/1.1 200 OK
Date: Fri, 15 Aug 2025 14:16:22 GMT
Content-Type: application/json; charset=utf-8
Transfer-Encoding: chunked
Connection: keep-alive
Access-Control-Allow-Origin: *
Etag: W/"16d-ryVvNeDR+OwaJd+i2vi/OPo/G4Y"
X-Powered-By: Express
Cf-Cache-Status: DYNAMIC
Nel: {"report_to":"cf-nel","success_fraction":0.0,"max_age":604800}
Report-To: {"group":"cf-nel","max_age":604800,"endpoints":[{"url":"https://a.nel.cloudflare.com/report/v4?s=7HTGv%2F39UrOKvfzGyEC%2BrEDfNFZf7HM3IVN2sYsXbBui%2B6J%2BCcZZulyrxJbJTn9EITUD9zEAFdhHclUJh%2Fa1PUUSp%2FFF21QxJAD83f9WGgk%3D"}]}
Content-Encoding: gzip
Server: cloudflare
CF-RAY: 96f94f320adfd146-CDG
alt-svc: h3=":443"; ma=86400

{
    "id": 1,
    "title": "Fjallraven - Foldsack No. 1 Backpack, Fits 15 Laptops",
    "price": 109.95,
    "description": "Your perfect pack for everyday use and walks in the forest. Stash your laptop (up to 15 inches) in the padded sleeve, your everyday",
    "category": "men's clothing",
    "image": "https://fakestoreapi.com/img/81fPKd-2AYL._AC_SL1500_t.png",
    "rating": {
        "rate": 3.9,
        "count": 120
    }
}
Request method:	GET
Request URI:	https://fakestoreapi.com/products/1
Proxy:			<none>
Request params:	<none>
Query params:	<none>
Form params:	<none>
Path params:	<none>
Headers:		User-Agent=Mozilla/5.0 (CI-Test-Agent)
				Accept=*/*
				Content-Type=application/json
Cookies:		<none>
Multiparts:		<none>
Body:			<none>
HTTP/1.1 200 OK
Date: Fri, 15 Aug 2025 14:16:22 GMT
Content-Type: application/json; charset=utf-8
Transfer-Encoding: chunked
Connection: keep-alive
Access-Control-Allow-Origin: *
Etag: W/"16d-ryVvNeDR+OwaJd+i2vi/OPo/G4Y"
X-Powered-By: Express
Cf-Cache-Status: DYNAMIC
Nel: {"report_to":"cf-nel","success_fraction":0.0,"max_age":604800}
Report-To: {"group":"cf-nel","max_age":604800,"endpoints":[{"url":"https://a.nel.cloudflare.com/report/v4?s=I1NMsZfAGP51R22WF2%2FcL0BUwVwMVAbL0ubcp0H9IPjaDyvbY%2FHUkTBlK0H97uh9fdpHJeaqjxZRqm1dMaT809BBG2%2ByGQg0of%2BIi00YUV4%3D"}]}
Content-Encoding: gzip
Server: cloudflare
CF-RAY: 96f94f351b7e7014-CDG
alt-svc: h3=":443"; ma=86400

{
    "id": 1,
    "title": "Fjallraven - Foldsack No. 1 Backpack, Fits 15 Laptops",
    "price": 109.95,
    "description": "Your perfect pack for everyday use and walks in the forest. Stash your laptop (up to 15 inches) in the padded sleeve, your everyday",
    "category": "men's clothing",
    "image": "https://fakestoreapi.com/img/81fPKd-2AYL._AC_SL1500_t.png",
    "rating": {
        "rate": 3.9,
        "count": 120
    }
}
Request method:	GET
Request URI:	https://fakestoreapi.com/products/1
Proxy:			<none>
Request params:	<none>
Query params:	<none>
Form params:	<none>
Path params:	<none>
Headers:		User-Agent=Mozilla/5.0 (CI-Test-Agent)
				Accept=*/*
				Content-Type=application/json
Cookies:		<none>
Multiparts:		<none>
Body:			<none>
HTTP/1.1 200 OK
Date: Fri, 15 Aug 2025 14:16:23 GMT
Content-Type: application/json; charset=utf-8
Transfer-Encoding: chunked
Connection: keep-alive
Access-Control-Allow-Origin: *
Etag: W/"16d-ryVvNeDR+OwaJd+i2vi/OPo/G4Y"
X-Powered-By: Express
Cf-Cache-Status: DYNAMIC
Nel: {"report_to":"cf-nel","success_fraction":0.0,"max_age":604800}
Report-To: {"group":"cf-nel","max_age":604800,"endpoints":[{"url":"https://a.nel.cloudflare.com/report/v4?s=vIFk2qVi2fvrEWECSZN9cFyIdCrfhxEmMEgSibXj%2BMrmns6bz6%2Ffcan56gCsySFGSLg%2FgxM1panrgwFH19RaKRSPaGRIlL8Jlrx8XLkcZ5g%3D"}]}
Content-Encoding: gzip
Server: cloudflare
CF-RAY: 96f94f391c8e7879-CDG
alt-svc: h3=":443"; ma=86400

{
    "id": 1,
    "title": "Fjallraven - Foldsack No. 1 Backpack, Fits 15 Laptops",
    "price": 109.95,
    "description": "Your perfect pack for everyday use and walks in the forest. Stash your laptop (up to 15 inches) in the padded sleeve, your everyday",
    "category": "men's clothing",
    "image": "https://fakestoreapi.com/img/81fPKd-2AYL._AC_SL1500_t.png",
    "rating": {
        "rate": 3.9,
        "count": 120
    }
}
Request method:	GET
Request URI:	https://fakestoreapi.com/products/1
Proxy:			<none>
Request params:	<none>
Query params:	<none>
Form params:	<none>
Path params:	<none>
Headers:		User-Agent=Mozilla/5.0 (CI-Test-Agent)
				Accept=*/*
				Content-Type=application/json
Cookies:		<none>
Multiparts:		<none>
Body:			<none>
HTTP/1.1 200 OK
Date: Fri, 15 Aug 2025 14:16:23 GMT
Content-Type: application/json; charset=utf-8
Transfer-Encoding: chunked
Connection: keep-alive
Access-Control-Allow-Origin: *
Etag: W/"16d-ryVvNeDR+OwaJd+i2vi/OPo/G4Y"
X-Powered-By: Express
Cf-Cache-Status: DYNAMIC
Nel: {"report_to":"cf-nel","success_fraction":0.0,"max_age":604800}
Report-To: {"group":"cf-nel","max_age":604800,"endpoints":[{"url":"https://a.nel.cloudflare.com/report/v4?s=DzOYlsaQVUJbob4HFJ7JpAWf3LoFrtQyxApwxNk841jpO1yrcCy1pc3K9hCEm0kCyhDe3fFuFd%2Bjk5g5ojZ0o%2BCw0FJPYZ37I2foa5LvjrE%3D"}]}
Content-Encoding: gzip
Server: cloudflare
CF-RAY: 96f94f3cfbfa2a2e-CDG
alt-svc: h3=":443"; ma=86400

{
    "id": 1,
    "title": "Fjallraven - Foldsack No. 1 Backpack, Fits 15 Laptops",
    "price": 109.95,
    "description": "Your perfect pack for everyday use and walks in the forest. Stash your laptop (up to 15 inches) in the padded sleeve, your everyday",
    "category": "men's clothing",
    "image": "https://fakestoreapi.com/img/81fPKd-2AYL._AC_SL1500_t.png",
    "rating": {
        "rate": 3.9,
        "count": 120
    }
}
Request method:	GET
Request URI:	https://fakestoreapi.com/products/1
Proxy:			<none>
Request params:	<none>
Query params:	<none>
Form params:	<none>
Path params:	<none>
Headers:		User-Agent=Mozilla/5.0 (CI-Test-Agent)
				Accept=*/*
				Content-Type=application/json
Cookies:		<none>
Multiparts:		<none>
Body:			<none>
HTTP/1.1 200 OK
Date: Fri, 15 Aug 2025 14:16:24 GMT
Content-Type: application/json; charset=utf-8
Transfer-Encoding: chunked
Connection: keep-alive
Access-Control-Allow-Origin: *
Etag: W/"16d-ryVvNeDR+OwaJd+i2vi/OPo/G4Y"
X-Powered-By: Express
Cf-Cache-Status: DYNAMIC
Nel: {"report_to":"cf-nel","success_fraction":0.0,"max_age":604800}
Report-To: {"group":"cf-nel","max_age":604800,"endpoints":[{"url":"https://a.nel.cloudflare.com/report/v4?s=OXvxew8hZ%2BT3LMKw8JX3jHTpbSPX7KyK90mIEOWPSFjnTUmYRX%2Bd%2BTc3h8LbzdtmmORu%2B2YzqbDJlzB4OM3PaD1%2Bx4wpVm3%2FswMem%2B1ZE5A%3D"}]}
Content-Encoding: gzip
Server: cloudflare
CF-RAY: 96f94f40ae389ef5-CDG
alt-svc: h3=":443"; ma=86400

{
    "id": 1,
    "title": "Fjallraven - Foldsack No. 1 Backpack, Fits 15 Laptops",
    "price": 109.95,
    "description": "Your perfect pack for everyday use and walks in the forest. Stash your laptop (up to 15 inches) in the padded sleeve, your everyday",
    "category": "men's clothing",
    "image": "https://fakestoreapi.com/img/81fPKd-2AYL._AC_SL1500_t.png",
    "rating": {
        "rate": 3.9,
        "count": 120
    }
}
Request method:	GET
Request URI:	https://fakestoreapi.com/products/1
Proxy:			<none>
Request params:	<none>
Query params:	<none>
Form params:	<none>
Path params:	<none>
Headers:		User-Agent=Mozilla/5.0 (CI-Test-Agent)
				Accept=*/*
				Content-Type=application/json
Cookies:		<none>
Multiparts:		<none>
Body:			<none>
HTTP/1.1 200 OK
Date: Fri, 15 Aug 2025 14:16:25 GMT
Content-Type: application/json; charset=utf-8
Transfer-Encoding: chunked
Connection: keep-alive
Access-Control-Allow-Origin: *
Etag: W/"16d-ryVvNeDR+OwaJd+i2vi/OPo/G4Y"
X-Powered-By: Express
Cf-Cache-Status: DYNAMIC
Nel: {"report_to":"cf-nel","success_fraction":0.0,"max_age":604800}
Report-To: {"group":"cf-nel","max_age":604800,"endpoints":[{"url":"https://a.nel.cloudflare.com/report/v4?s=8gzXOWbCKR4d%2BY0vmJuN7djB8LwWIrgwvsgutKCN6nq4GW2t9iae2RZcUcAL2AK5Kwiz8lp%2BewnoVtph0CQOt4dOt3HwOx0oFd3xSft4SKQ%3D"}]}
Content-Encoding: gzip
Server: cloudflare
CF-RAY: 96f94f447a7519b4-CDG
alt-svc: h3=":443"; ma=86400

{
    "id": 1,
    "title": "Fjallraven - Foldsack No. 1 Backpack, Fits 15 Laptops",
    "price": 109.95,
    "description": "Your perfect pack for everyday use and walks in the forest. Stash your laptop (up to 15 inches) in the padded sleeve, your everyday",
    "category": "men's clothing",
    "image": "https://fakestoreapi.com/img/81fPKd-2AYL._AC_SL1500_t.png",
    "rating": {
        "rate": 3.9,
        "count": 120
    }
}
Request method:	GET
Request URI:	https://fakestoreapi.com/products/1
Proxy:			<none>
Request params:	<none>
Query params:	<none>
Form params:	<none>
Path params:	<none>
Headers:		User-Agent=Mozilla/5.0 (CI-Test-Agent)
				Accept=*/*
				Content-Type=application/json
Cookies:		<none>
Multiparts:		<none>
Body:			<none>
HTTP/1.1 200 OK
Date: Fri, 15 Aug 2025 14:16:25 GMT
Content-Type: application/json; charset=utf-8
Transfer-Encoding: chunked
Connection: keep-alive
Access-Control-Allow-Origin: *
Etag: W/"16d-ryVvNeDR+OwaJd+i2vi/OPo/G4Y"
X-Powered-By: Express
Cf-Cache-Status: DYNAMIC
Nel: {"report_to":"cf-nel","success_fraction":0.0,"max_age":604800}
Report-To: {"group":"cf-nel","max_age":604800,"endpoints":[{"url":"https://a.nel.cloudflare.com/report/v4?s=DXqh3w8Patz4jIf0ScALUoBEo4Ul0CHgUVLur5WP9KB0T7h%2B%2FQTdrqZepaQ40WWUeWwzFqg%2BO%2BZiQWUOHB2Eimmg%2Be7%2B5DNk3sPh8uglwe8%3D"}]}
Content-Encoding: gzip
Server: cloudflare
CF-RAY: 96f94f488bbd3cab-CDG
alt-svc: h3=":443"; ma=86400

{
    "id": 1,
    "title": "Fjallraven - Foldsack No. 1 Backpack, Fits 15 Laptops",
    "price": 109.95,
    "description": "Your perfect pack for everyday use and walks in the forest. Stash your laptop (up to 15 inches) in the padded sleeve, your everyday",
    "category": "men's clothing",
    "image": "https://fakestoreapi.com/img/81fPKd-2AYL._AC_SL1500_t.png",
    "rating": {
        "rate": 3.9,
        "count": 120
    }
}
Request method:	GET
Request URI:	https://fakestoreapi.com/products/1
Proxy:			<none>
Request params:	<none>
Query params:	<none>
Form params:	<none>
Path params:	<none>
Headers:		User-Agent=Mozilla/5.0 (CI-Test-Agent)
				Accept=*/*
				Content-Type=application/json
Cookies:		<none>
Multiparts:		<none>
Body:			<none>
HTTP/1.1 200 OK
Date: Fri, 15 Aug 2025 14:16:26 GMT
Content-Type: application/json; charset=utf-8
Transfer-Encoding: chunked
Connection: keep-alive
Access-Control-Allow-Origin: *
Etag: W/"16d-ryVvNeDR+OwaJd+i2vi/OPo/G4Y"
X-Powered-By: Express
Cf-Cache-Status: DYNAMIC
Nel: {"report_to":"cf-nel","success_fraction":0.0,"max_age":604800}
Report-To: {"group":"cf-nel","max_age":604800,"endpoints":[{"url":"https://a.nel.cloudflare.com/report/v4?s=FhziYCgGd4L9PtISw7TUpeeM0Qq8%2F5ED7xsu%2BcZXecetsTzjuS71ULCplgBqAjEW%2FyDIqPo5liElp5o2GEDe3Y2sKAf9OcH7GKPeHnMGFYI%3D"}]}
Content-Encoding: gzip
Server: cloudflare
CF-RAY: 96f94f4bb958034c-CDG
alt-svc: h3=":443"; ma=86400

{
    "id": 1,
    "title": "Fjallraven - Foldsack No. 1 Backpack, Fits 15 Laptops",
    "price": 109.95,
    "description": "Your perfect pack for everyday use and walks in the forest. Stash your laptop (up to 15 inches) in the padded sleeve, your everyday",
    "category": "men's clothing",
    "image": "https://fakestoreapi.com/img/81fPKd-2AYL._AC_SL1500_t.png",
    "rating": {
        "rate": 3.9,
        "count": 120
    }
}
Request method:	GET
Request URI:	https://fakestoreapi.com/products/1
Proxy:			<none>
Request params:	<none>
Query params:	<none>
Form params:	<none>
Path params:	<none>
Headers:		User-Agent=Mozilla/5.0 (CI-Test-Agent)
				Accept=*/*
				Content-Type=application/json
Cookies:		<none>
Multiparts:		<none>
Body:			<none>
HTTP/1.1 200 OK
Date: Fri, 15 Aug 2025 14:16:26 GMT
Content-Type: application/json; charset=utf-8
Transfer-Encoding: chunked
Connection: keep-alive
Access-Control-Allow-Origin: *
Etag: W/"16d-ryVvNeDR+OwaJd+i2vi/OPo/G4Y"
X-Powered-By: Express
Cf-Cache-Status: DYNAMIC
Nel: {"report_to":"cf-nel","success_fraction":0.0,"max_age":604800}
Report-To: {"group":"cf-nel","max_age":604800,"endpoints":[{"url":"https://a.nel.cloudflare.com/report/v4?s=Ft16YRCPvQzHGRALIiSTNX6X0koPvJcpNfApSGvz3JJOdIhP1uPdr9qliIKGMvpuTB8iMR%2FR3Lm3o9zijVPO8yJeKQgUQDINkjxhM%2BvQ8EQ%3D"}]}
Content-Encoding: gzip
Server: cloudflare
CF-RAY: 96f94f4eadf96f2e-CDG
alt-svc: h3=":443"; ma=86400

{
    "id": 1,
    "title": "Fjallraven - Foldsack No. 1 Backpack, Fits 15 Laptops",
    "price": 109.95,
    "description": "Your perfect pack for everyday use and walks in the forest. Stash your laptop (up to 15 inches) in the padded sleeve, your everyday",
    "category": "men's clothing",
    "image": "https://fakestoreapi.com/img/81fPKd-2AYL._AC_SL1500_t.png",
    "rating": {
        "rate": 3.9,
        "count": 120
    }
}
Request method:	GET
Request URI:	https://fakestoreapi.com/products/1
Proxy:			<none>
Request params:	<none>
Query params:	<none>
Form params:	<none>
Path params:	<none>
Headers:		User-Agent=Mozilla/5.0 (CI-Test-Agent)
				Accept=*/*
				Content-Type=application/json
Cookies:		<none>
Multiparts:		<none>
Body:			<none>
HTTP/1.1 200 OK
Date: Fri, 15 Aug 2025 14:16:27 GMT
Content-Type: application/json; charset=utf-8
Transfer-Encoding: chunked
Connection: keep-alive
Access-Control-Allow-Origin: *
Etag: W/"16d-ryVvNeDR+OwaJd+i2vi/OPo/G4Y"
X-Powered-By: Express
Cf-Cache-Status: DYNAMIC
Nel: {"report_to":"cf-nel","success_fraction":0.0,"max_age":604800}
Report-To: {"group":"cf-nel","max_age":604800,"endpoints":[{"url":"https://a.nel.cloudflare.com/report/v4?s=Lx3xkVyjuEPigdW98CwNIx1f3iVL6ywLV%2Fvchha6%2BLy7rkslYFRUgNXT91FtVR1C50mlSXrZU86%2FSVl9KMDNtRWycMsrXPAiSVjKla4IYDI%3D"}]}
Content-Encoding: gzip
Server: cloudflare
CF-RAY: 96f94f5279a37e80-CDG
alt-svc: h3=":443"; ma=86400

{
    "id": 1,
    "title": "Fjallraven - Foldsack No. 1 Backpack, Fits 15 Laptops",
    "price": 109.95,
    "description": "Your perfect pack for everyday use and walks in the forest. Stash your laptop (up to 15 inches) in the padded sleeve, your everyday",
    "category": "men's clothing",
    "image": "https://fakestoreapi.com/img/81fPKd-2AYL._AC_SL1500_t.png",
    "rating": {
        "rate": 3.9,
        "count": 120
    }
}
Request method:	GET
Request URI:	https://fakestoreapi.com/products/1
Proxy:			<none>
Request params:	<none>
Query params:	<none>
Form params:	<none>
Path params:	<none>
Headers:		User-Agent=Mozilla/5.0 (CI-Test-Agent)
				Accept=*/*
				Content-Type=application/json
Cookies:		<none>
Multiparts:		<none>
Body:			<none>
HTTP/1.1 200 OK
Date: Fri, 15 Aug 2025 14:16:28 GMT
Content-Type: application/json; charset=utf-8
Transfer-Encoding: chunked
Connection: keep-alive
Access-Control-Allow-Origin: *
Etag: W/"16d-ryVvNeDR+OwaJd+i2vi/OPo/G4Y"
X-Powered-By: Express
Cf-Cache-Status: DYNAMIC
Nel: {"report_to":"cf-nel","success_fraction":0.0,"max_age":604800}
Report-To: {"group":"cf-nel","max_age":604800,"endpoints":[{"url":"https://a.nel.cloudflare.com/report/v4?s=RN5sa1mqboWpaTSqZPqPgVrZNfPmGjtTy3RmbWVYeQqFZOba8rptJ%2FjsbMlA%2FtWhB40NfaPju3FCw0Y%2FsRry42acMDWHMngMPTylHro5ddI%3D"}]}
Content-Encoding: gzip
Server: cloudflare
CF-RAY: 96f94f579cfed16e-CDG
alt-svc: h3=":443"; ma=86400

{
    "id": 1,
    "title": "Fjallraven - Foldsack No. 1 Backpack, Fits 15 Laptops",
    "price": 109.95,
    "description": "Your perfect pack for everyday use and walks in the forest. Stash your laptop (up to 15 inches) in the padded sleeve, your everyday",
    "category": "men's clothing",
    "image": "https://fakestoreapi.com/img/81fPKd-2AYL._AC_SL1500_t.png",
    "rating": {
        "rate": 3.9,
        "count": 120
    }
}
Request method:	GET
Request URI:	https://fakestoreapi.com/products/1
Proxy:			<none>
Request params:	<none>
Query params:	<none>
Form params:	<none>
Path params:	<none>
Headers:		User-Agent=Mozilla/5.0 (CI-Test-Agent)
				Accept=*/*
				Content-Type=application/json
Cookies:		<none>
Multiparts:		<none>
Body:			<none>
HTTP/1.1 200 OK
Date: Fri, 15 Aug 2025 14:16:28 GMT
Content-Type: application/json; charset=utf-8
Transfer-Encoding: chunked
Connection: keep-alive
Access-Control-Allow-Origin: *
Etag: W/"16d-ryVvNeDR+OwaJd+i2vi/OPo/G4Y"
X-Powered-By: Express
Cf-Cache-Status: DYNAMIC
Nel: {"report_to":"cf-nel","success_fraction":0.0,"max_age":604800}
Report-To: {"group":"cf-nel","max_age":604800,"endpoints":[{"url":"https://a.nel.cloudflare.com/report/v4?s=d49uJWm%2B3Sl1kv4hwbvFzaUKm7AGWwQwwWXcMffkXU60UBRht%2B5sRinF8MgmVfxf12FpTryxeGAWNfovCM5goWWkxq5iVBGV8K37isKpGDY%3D"}]}
Content-Encoding: gzip
Server: cloudflare
CF-RAY: 96f94f5b3c33d5c5-CDG
alt-svc: h3=":443"; ma=86400

{
    "id": 1,
    "title": "Fjallraven - Foldsack No. 1 Backpack, Fits 15 Laptops",
    "price": 109.95,
    "description": "Your perfect pack for everyday use and walks in the forest. Stash your laptop (up to 15 inches) in the padded sleeve, your everyday",
    "category": "men's clothing",
    "image": "https://fakestoreapi.com/img/81fPKd-2AYL._AC_SL1500_t.png",
    "rating": {
        "rate": 3.9,
        "count": 120
    }
}
Request method:	GET
Request URI:	https://fakestoreapi.com/products/1
Proxy:			<none>
Request params:	<none>
Query params:	<none>
Form params:	<none>
Path params:	<none>
Headers:		User-Agent=Mozilla/5.0 (CI-Test-Agent)
				Accept=*/*
				Content-Type=application/json
Cookies:		<none>
Multiparts:		<none>
Body:			<none>
HTTP/1.1 200 OK
Date: Fri, 15 Aug 2025 14:16:29 GMT
Content-Type: application/json; charset=utf-8
Transfer-Encoding: chunked
Connection: keep-alive
Access-Control-Allow-Origin: *
Etag: W/"16d-ryVvNeDR+OwaJd+i2vi/OPo/G4Y"
X-Powered-By: Express
Cf-Cache-Status: DYNAMIC
Nel: {"report_to":"cf-nel","success_fraction":0.0,"max_age":604800}
Report-To: {"group":"cf-nel","max_age":604800,"endpoints":[{"url":"https://a.nel.cloudflare.com/report/v4?s=kSOm8iNSFE%2F75Ob4Jllo76G1u7QNxXtg1g0u2PljORLnTwROwdzqUU1B8%2F4xYLFvLpGg0QiUBm3hcYIpRdIzNa7F23RXI6bgpxwcL5HUYKA%3D"}]}
Content-Encoding: gzip
Server: cloudflare
CF-RAY: 96f94f606b98d161-CDG
alt-svc: h3=":443"; ma=86400

{
    "id": 1,
    "title": "Fjallraven - Foldsack No. 1 Backpack, Fits 15 Laptops",
    "price": 109.95,
    "description": "Your perfect pack for everyday use and walks in the forest. Stash your laptop (up to 15 inches) in the padded sleeve, your everyday",
    "category": "men's clothing",
    "image": "https://fakestoreapi.com/img/81fPKd-2AYL._AC_SL1500_t.png",
    "rating": {
        "rate": 3.9,
        "count": 120
    }
}
Request method:	GET
Request URI:	https://fakestoreapi.com/products/1
Proxy:			<none>
Request params:	<none>
Query params:	<none>
Form params:	<none>
Path params:	<none>
Headers:		User-Agent=Mozilla/5.0 (CI-Test-Agent)
				Accept=*/*
				Content-Type=application/json
Cookies:		<none>
Multiparts:		<none>
Body:			<none>
HTTP/1.1 200 OK
Date: Fri, 15 Aug 2025 14:16:30 GMT
Content-Type: application/json; charset=utf-8
Transfer-Encoding: chunked
Connection: keep-alive
Access-Control-Allow-Origin: *
Etag: W/"16d-ryVvNeDR+OwaJd+i2vi/OPo/G4Y"
X-Powered-By: Express
Cf-Cache-Status: DYNAMIC
Nel: {"report_to":"cf-nel","success_fraction":0.0,"max_age":604800}
Report-To: {"group":"cf-nel","max_age":604800,"endpoints":[{"url":"https://a.nel.cloudflare.com/report/v4?s=nOhMpCXg7aVWHRdRBH90n8KKuDfXjnNGHZumKz9lFrQ3LCTL2O%2BGTpD1e43J9%2FgRJDg7WtFqX0aYvBW9VOqefOgRTPZhdwBUU2K8UX8Xhow%3D"}]}
Content-Encoding: gzip
Server: cloudflare
CF-RAY: 96f94f6538e9343a-CDG
alt-svc: h3=":443"; ma=86400

{
    "id": 1,
    "title": "Fjallraven - Foldsack No. 1 Backpack, Fits 15 Laptops",
    "price": 109.95,
    "description": "Your perfect pack for everyday use and walks in the forest. Stash your laptop (up to 15 inches) in the padded sleeve, your everyday",
    "category": "men's clothing",
    "image": "https://fakestoreapi.com/img/81fPKd-2AYL._AC_SL1500_t.png",
    "rating": {
        "rate": 3.9,
        "count": 120
    }
}
Request method:	GET
Request URI:	https://fakestoreapi.com/products/1
Proxy:			<none>
Request params:	<none>
Query params:	<none>
Form params:	<none>
Path params:	<none>
Headers:		User-Agent=Mozilla/5.0 (CI-Test-Agent)
				Accept=*/*
				Content-Type=application/json
Cookies:		<none>
Multiparts:		<none>
Body:			<none>
HTTP/1.1 200 OK
Date: Fri, 15 Aug 2025 14:16:31 GMT
Content-Type: application/json; charset=utf-8
Transfer-Encoding: chunked
Connection: keep-alive
Access-Control-Allow-Origin: *
Etag: W/"16d-ryVvNeDR+OwaJd+i2vi/OPo/G4Y"
X-Powered-By: Express
Cf-Cache-Status: DYNAMIC
Nel: {"report_to":"cf-nel","success_fraction":0.0,"max_age":604800}
Report-To: {"group":"cf-nel","max_age":604800,"endpoints":[{"url":"https://a.nel.cloudflare.com/report/v4?s=stZDpxucvYvxN4cRqTxb3JaEn%2F3UhEZ24oKJ437KAjBXXR5udKwOPgDN33npj7bUfgl59f36KkGMDXi6r4LHINtnl2aoHErqpjoGdhtCcgs%3D"}]}
Content-Encoding: gzip
Server: cloudflare
CF-RAY: 96f94f6ab8b62a46-CDG
alt-svc: h3=":443"; ma=86400

{
    "id": 1,
    "title": "Fjallraven - Foldsack No. 1 Backpack, Fits 15 Laptops",
    "price": 109.95,
    "description": "Your perfect pack for everyday use and walks in the forest. Stash your laptop (up to 15 inches) in the padded sleeve, your everyday",
    "category": "men's clothing",
    "image": "https://fakestoreapi.com/img/81fPKd-2AYL._AC_SL1500_t.png",
    "rating": {
        "rate": 3.9,
        "count": 120
    }
}
Request method:	GET
Request URI:	https://fakestoreapi.com/products/1
Proxy:			<none>
Request params:	<none>
Query params:	<none>
Form params:	<none>
Path params:	<none>
Headers:		User-Agent=Mozilla/5.0 (CI-Test-Agent)
				Accept=*/*
				Content-Type=application/json
Cookies:		<none>
Multiparts:		<none>
Body:			<none>
HTTP/1.1 200 OK
Date: Fri, 15 Aug 2025 14:16:32 GMT
Content-Type: application/json; charset=utf-8
Transfer-Encoding: chunked
Connection: keep-alive
Access-Control-Allow-Origin: *
Etag: W/"16d-ryVvNeDR+OwaJd+i2vi/OPo/G4Y"
X-Powered-By: Express
Cf-Cache-Status: DYNAMIC
Nel: {"report_to":"cf-nel","success_fraction":0.0,"max_age":604800}
Report-To: {"group":"cf-nel","max_age":604800,"endpoints":[{"url":"https://a.nel.cloudflare.com/report/v4?s=a0tCAxAKygcyrv0YFkK%2FA3IQxTXsP1KRhjS38900zZKjrSPBaSbVHQSY2X2gBd02xSJ8Zn8sJ9OtIOPq5UP%2B1uvr%2BLPsgcywIX7AUx8PtOo%3D"}]}
Content-Encoding: gzip
Server: cloudflare
CF-RAY: 96f94f710c01154c-CDG
alt-svc: h3=":443"; ma=86400

{
    "id": 1,
    "title": "Fjallraven - Foldsack No. 1 Backpack, Fits 15 Laptops",
    "price": 109.95,
    "description": "Your perfect pack for everyday use and walks in the forest. Stash your laptop (up to 15 inches) in the padded sleeve, your everyday",
    "category": "men's clothing",
    "image": "https://fakestoreapi.com/img/81fPKd-2AYL._AC_SL1500_t.png",
    "rating": {
        "rate": 3.9,
        "count": 120
    }
}
Request method:	GET
Request URI:	https://fakestoreapi.com/products/1
Proxy:			<none>
Request params:	<none>
Query params:	<none>
Form params:	<none>
Path params:	<none>
Headers:		User-Agent=Mozilla/5.0 (CI-Test-Agent)
				Accept=*/*
				Content-Type=application/json
Cookies:		<none>
Multiparts:		<none>
Body:			<none>
HTTP/1.1 200 OK
Date: Fri, 15 Aug 2025 14:16:32 GMT
Content-Type: application/json; charset=utf-8
Transfer-Encoding: chunked
Connection: keep-alive
Access-Control-Allow-Origin: *
Etag: W/"16d-ryVvNeDR+OwaJd+i2vi/OPo/G4Y"
X-Powered-By: Express
Cf-Cache-Status: DYNAMIC
Nel: {"report_to":"cf-nel","success_fraction":0.0,"max_age":604800}
Report-To: {"group":"cf-nel","max_age":604800,"endpoints":[{"url":"https://a.nel.cloudflare.com/report/v4?s=Z3hu35%2FBOxp9vjfJuKgZ8e%2BlD5hg40%2FU84%2BmkspaMfD0Bd8%2FxstMOWCUC6AHXtphhKzIPo8DnNN1YAMQ8DxzSE2u2WznaMiHw643IMcWsUA%3D"}]}
Content-Encoding: gzip
Server: cloudflare
CF-RAY: 96f94f7498e7d68e-CDG
alt-svc: h3=":443"; ma=86400

{
    "id": 1,
    "title": "Fjallraven - Foldsack No. 1 Backpack, Fits 15 Laptops",
    "price": 109.95,
    "description": "Your perfect pack for everyday use and walks in the forest. Stash your laptop (up to 15 inches) in the padded sleeve, your everyday",
    "category": "men's clothing",
    "image": "https://fakestoreapi.com/img/81fPKd-2AYL._AC_SL1500_t.png",
    "rating": {
        "rate": 3.9,
        "count": 120
    }
}
Request method:	GET
Request URI:	https://fakestoreapi.com/products/1
Proxy:			<none>
Request params:	<none>
Query params:	<none>
Form params:	<none>
Path params:	<none>
Headers:		User-Agent=Mozilla/5.0 (CI-Test-Agent)
				Accept=*/*
				Content-Type=application/json
Cookies:		<none>
Multiparts:		<none>
Body:			<none>
HTTP/1.1 200 OK
Date: Fri, 15 Aug 2025 14:16:33 GMT
Content-Type: application/json; charset=utf-8
Transfer-Encoding: chunked
Connection: keep-alive
Access-Control-Allow-Origin: *
Etag: W/"16d-ryVvNeDR+OwaJd+i2vi/OPo/G4Y"
X-Powered-By: Express
Cf-Cache-Status: DYNAMIC
Nel: {"report_to":"cf-nel","success_fraction":0.0,"max_age":604800}
Report-To: {"group":"cf-nel","max_age":604800,"endpoints":[{"url":"https://a.nel.cloudflare.com/report/v4?s=ZMbx4k1TC634cTWkpr7RVoSHkPT9V1LC3EhbCgVkVLaTOUdXS7eSPrPgW6CzAIxMsorxweoTogtP2Ka0vKrdwvm8DZbvCeUQNYQ4mhTk%2F4Y%3D"}]}
Content-Encoding: gzip
Server: cloudflare
CF-RAY: 96f94f7849626774-CDG
alt-svc: h3=":443"; ma=86400

{
    "id": 1,
    "title": "Fjallraven - Foldsack No. 1 Backpack, Fits 15 Laptops",
    "price": 109.95,
    "description": "Your perfect pack for everyday use and walks in the forest. Stash your laptop (up to 15 inches) in the padded sleeve, your everyday",
    "category": "men's clothing",
    "image": "https://fakestoreapi.com/img/81fPKd-2AYL._AC_SL1500_t.png",
    "rating": {
        "rate": 3.9,
        "count": 120
    }
}
Request method:	GET
Request URI:	https://fakestoreapi.com/products/1
Proxy:			<none>
Request params:	<none>
Query params:	<none>
Form params:	<none>
Path params:	<none>
Headers:		User-Agent=Mozilla/5.0 (CI-Test-Agent)
				Accept=*/*
				Content-Type=application/json
Cookies:		<none>
Multiparts:		<none>
Body:			<none>
HTTP/1.1 200 OK
Date: Fri, 15 Aug 2025 14:16:34 GMT
Content-Type: application/json; charset=utf-8
Transfer-Encoding: chunked
Connection: keep-alive
Access-Control-Allow-Origin: *
Etag: W/"16d-ryVvNeDR+OwaJd+i2vi/OPo/G4Y"
X-Powered-By: Express
Cf-Cache-Status: DYNAMIC
Nel: {"report_to":"cf-nel","success_fraction":0.0,"max_age":604800}
Report-To: {"group":"cf-nel","max_age":604800,"endpoints":[{"url":"https://a.nel.cloudflare.com/report/v4?s=1Q%2FV3kJEKSxBrtmcnvyZvdtHgqZeJNxBzLXTk1SNd4Ql8mQ0GVAdhJvUJimdxNdi7M2T%2FrtYvPyDB3Tv0jw%2F5rvBC7bIqRrAeVWVJmZECpA%3D"}]}
Content-Encoding: gzip
Server: cloudflare
CF-RAY: 96f94f7d4d2b6ef6-CDG
alt-svc: h3=":443"; ma=86400

{
    "id": 1,
    "title": "Fjallraven - Foldsack No. 1 Backpack, Fits 15 Laptops",
    "price": 109.95,
    "description": "Your perfect pack for everyday use and walks in the forest. Stash your laptop (up to 15 inches) in the padded sleeve, your everyday",
    "category": "men's clothing",
    "image": "https://fakestoreapi.com/img/81fPKd-2AYL._AC_SL1500_t.png",
    "rating": {
        "rate": 3.9,
        "count": 120
    }
}
Request method:	GET
Request URI:	https://fakestoreapi.com/products/1
Proxy:			<none>
Request params:	<none>
Query params:	<none>
Form params:	<none>
Path params:	<none>
Headers:		User-Agent=Mozilla/5.0 (CI-Test-Agent)
				Accept=*/*
				Content-Type=application/json
Cookies:		<none>
Multiparts:		<none>
Body:			<none>
HTTP/1.1 200 OK
Date: Fri, 15 Aug 2025 14:16:34 GMT
Content-Type: application/json; charset=utf-8
Transfer-Encoding: chunked
Connection: keep-alive
Access-Control-Allow-Origin: *
Etag: W/"16d-ryVvNeDR+OwaJd+i2vi/OPo/G4Y"
X-Powered-By: Express
Cf-Cache-Status: DYNAMIC
Nel: {"report_to":"cf-nel","success_fraction":0.0,"max_age":604800}
Report-To: {"group":"cf-nel","max_age":604800,"endpoints":[{"url":"https://a.nel.cloudflare.com/report/v4?s=vBvJg0g4TXTtU5C1W3gf8SYKyvcUNwzqjX2qfnbr87b10so8jyH08uzUj6eRzleq%2FvxYXC8jaG0PL5xIQ%2BLWfzcqP037rberIsdjfXPuSco%3D"}]}
Content-Encoding: gzip
Server: cloudflare
CF-RAY: 96f94f816e4c4aff-CDG
alt-svc: h3=":443"; ma=86400

{
    "id": 1,
    "title": "Fjallraven - Foldsack No. 1 Backpack, Fits 15 Laptops",
    "price": 109.95,
    "description": "Your perfect pack for everyday use and walks in the forest. Stash your laptop (up to 15 inches) in the padded sleeve, your everyday",
    "category": "men's clothing",
    "image": "https://fakestoreapi.com/img/81fPKd-2AYL._AC_SL1500_t.png",
    "rating": {
        "rate": 3.9,
        "count": 120
    }
}
Request method:	GET
Request URI:	https://fakestoreapi.com/products/1
Proxy:			<none>
Request params:	<none>
Query params:	<none>
Form params:	<none>
Path params:	<none>
Headers:		User-Agent=Mozilla/5.0 (CI-Test-Agent)
				Accept=*/*
				Content-Type=application/json
Cookies:		<none>
Multiparts:		<none>
Body:			<none>
HTTP/1.1 200 OK
Date: Fri, 15 Aug 2025 14:16:35 GMT
Content-Type: application/json; charset=utf-8
Transfer-Encoding: chunked
Connection: keep-alive
Access-Control-Allow-Origin: *
Etag: W/"16d-ryVvNeDR+OwaJd+i2vi/OPo/G4Y"
X-Powered-By: Express
Cf-Cache-Status: DYNAMIC
Nel: {"report_to":"cf-nel","success_fraction":0.0,"max_age":604800}
Report-To: {"group":"cf-nel","max_age":604800,"endpoints":[{"url":"https://a.nel.cloudflare.com/report/v4?s=yk8sCfUMDAIeRAOBM8Ya02Tjq4ye6OSNM52E9ErwCie1vraYzutYA%2BPqoWTwtKWkCnKD8EHlmQhLsiLKc7bbhO7rRDITrMqEk4SxqtYJQ88%3D"}]}
Content-Encoding: gzip
Server: cloudflare
CF-RAY: 96f94f848a2fd146-CDG
alt-svc: h3=":443"; ma=86400

{
    "id": 1,
    "title": "Fjallraven - Foldsack No. 1 Backpack, Fits 15 Laptops",
    "price": 109.95,
    "description": "Your perfect pack for everyday use and walks in the forest. Stash your laptop (up to 15 inches) in the padded sleeve, your everyday",
    "category": "men's clothing",
    "image": "https://fakestoreapi.com/img/81fPKd-2AYL._AC_SL1500_t.png",
    "rating": {
[...]
Content-Encoding: gzip
Server: cloudflare
CF-RAY: 96f95072180c42ba-CDG
alt-svc: h3=":443"; ma=86400

{
    "address": {
        "geolocation": {
            "lat": "-37.3159",
            "long": "81.1496"
        },
        "city": "kilcoole",
        "street": "new road",
        "number": 7682,
        "zipcode": "12926-3874"
    },
    "id": 1,
    "email": "john@gmail.com",
    "username": "johnd",
    "password": "m38rmF$",
    "name": {
        "firstname": "john",
        "lastname": "doe"
    },
    "phone": "1-570-236-7033",
    "__v": 0
}
]]></system-out>
    <system-err><![CDATA[org.apache.http.impl.execchain.RequestAbortedException: Request execution failed
	at org.apache.http.impl.execchain.MainClientExec.execute(MainClientExec.java:199)
	at org.apache.http.impl.execchain.ProtocolExec.execute(ProtocolExec.java:186)
	at org.apache.http.impl.execchain.RetryExec.execute(RetryExec.java:89)
	at org.apache.http.impl.execchain.RedirectExec.execute(RedirectExec.java:110)
	at org.apache.http.impl.client.InternalHttpClient.doExecute(InternalHttpClient.java:185)
	at org.apache.http.impl.client.CloseableHttpClient.execute(CloseableHttpClient.java:83)
	at org.apache.http.impl.client.CloseableHttpClient.execute(CloseableHttpClient.java:108)
	at com.example.fakestoreapi.test.performance.PerformanceTests.lambda$testConcurrentRequests$0(PerformanceTests.java:35)
	at java.base/java.util.concurrent.Executors$RunnableAdapter.call(Executors.java:572)
	at java.base/java.util.concurrent.FutureTask.run(FutureTask.java:317)
	at java.base/java.util.concurrent.ThreadPoolExecutor.runWorker(ThreadPoolExecutor.java:1144)
	at java.base/java.util.concurrent.ThreadPoolExecutor$Worker.run(ThreadPoolExecutor.java:642)
	at java.base/java.lang.Thread.run(Thread.java:1583)
Caused by: java.util.concurrent.CancellationException: Operation aborted
	at org.apache.http.pool.AbstractConnPool.operationAborted(AbstractConnPool.java:182)
	at org.apache.http.pool.AbstractConnPool.getPoolEntryBlocking(AbstractConnPool.java:397)
	at org.apache.http.pool.AbstractConnPool.access$300(AbstractConnPool.java:70)
	at org.apache.http.pool.AbstractConnPool$2.get(AbstractConnPool.java:253)
	at org.apache.http.pool.AbstractConnPool$2.get(AbstractConnPool.java:198)
	at org.apache.http.impl.conn.PoolingHttpClientConnectionManager.leaseConnection(PoolingHttpClientConnectionManager.java:306)
	at org.apache.http.impl.conn.PoolingHttpClientConnectionManager$1.get(PoolingHttpClientConnectionManager.java:282)
	at org.apache.http.impl.execchain.MainClientExec.execute(MainClientExec.java:190)
	... 12 more
org.apache.http.impl.execchain.RequestAbortedException: Request execution failed
	at org.apache.http.impl.execchain.MainClientExec.execute(MainClientExec.java:199)
	at org.apache.http.impl.execchain.ProtocolExec.execute(ProtocolExec.java:186)
	at org.apache.http.impl.execchain.RetryExec.execute(RetryExec.java:89)
	at org.apache.http.impl.execchain.RedirectExec.execute(RedirectExec.java:110)
	at org.apache.http.impl.client.InternalHttpClient.doExecute(InternalHttpClient.java:185)
	at org.apache.http.impl.client.CloseableHttpClient.execute(CloseableHttpClient.java:83)
	at org.apache.http.impl.client.CloseableHttpClient.execute(CloseableHttpClient.java:108)
	at com.example.fakestoreapi.test.performance.PerformanceTests.lambda$testConcurrentRequests$0(PerformanceTests.java:35)
	at java.base/java.util.concurrent.Executors$RunnableAdapter.call(Executors.java:572)
	at java.base/java.util.concurrent.FutureTask.run(FutureTask.java:317)
	at java.base/java.util.concurrent.ThreadPoolExecutor.runWorker(ThreadPoolExecutor.java:1144)
	at java.base/java.util.concurrent.ThreadPoolExecutor$Worker.run(ThreadPoolExecutor.java:642)
	at java.base/java.lang.Thread.run(Thread.java:1583)
Caused by: java.util.concurrent.CancellationException: Operation aborted
	at org.apache.http.pool.AbstractConnPool.operationAborted(AbstractConnPool.java:182)
	at org.apache.http.pool.AbstractConnPool.getPoolEntryBlocking(AbstractConnPool.java:397)
	at org.apache.http.pool.AbstractConnPool.access$300(AbstractConnPool.java:70)
	at org.apache.http.pool.AbstractConnPool$2.get(AbstractConnPool.java:253)
	at org.apache.http.pool.AbstractConnPool$2.get(AbstractConnPool.java:198)
	at org.apache.http.impl.conn.PoolingHttpClientConnectionManager.leaseConnection(PoolingHttpClientConnectionManager.java:306)
	at org.apache.http.impl.conn.PoolingHttpClientConnectionManager$1.get(PoolingHttpClientConnectionManager.java:282)
	at org.apache.http.impl.execchain.MainClientExec.execute(MainClientExec.java:190)
	... 12 more
org.apache.http.impl.execchain.RequestAbortedException: Request execution failed
	at org.apache.http.impl.execchain.MainClientExec.execute(MainClientExec.java:199)
	at org.apache.http.impl.execchain.ProtocolExec.execute(ProtocolExec.java:186)
	at org.apache.http.impl.execchain.RetryExec.execute(RetryExec.java:89)
	at org.apache.http.impl.execchain.RedirectExec.execute(RedirectExec.java:110)
	at org.apache.http.impl.client.InternalHttpClient.doExecute(InternalHttpClient.java:185)
	at org.apache.http.impl.client.CloseableHttpClient.execute(CloseableHttpClient.java:83)
	at org.apache.http.impl.client.CloseableHttpClient.execute(CloseableHttpClient.java:108)
	at com.example.fakestoreapi.test.performance.PerformanceTests.lambda$testConcurrentRequests$0(PerformanceTests.java:35)
	at java.base/java.util.concurrent.Executors$RunnableAdapter.call(Executors.java:572)
	at java.base/java.util.concurrent.FutureTask.run(FutureTask.java:317)
	at java.base/java.util.concurrent.ThreadPoolExecutor.runWorker(ThreadPoolExecutor.java:1144)
	at java.base/java.util.concurrent.ThreadPoolExecutor$Worker.run(ThreadPoolExecutor.java:642)
	at java.base/java.lang.Thread.run(Thread.java:1583)
Caused by: java.util.concurrent.CancellationException: Operation aborted
	at org.apache.http.pool.AbstractConnPool.operationAborted(AbstractConnPool.java:182)
	at org.apache.http.pool.AbstractConnPool.getPoolEntryBlocking(AbstractConnPool.java:397)
	at org.apache.http.pool.AbstractConnPool.access$300(AbstractConnPool.java:70)
	at org.apache.http.pool.AbstractConnPool$2.get(AbstractConnPool.java:253)
	at org.apache.http.pool.AbstractConnPool$2.get(AbstractConnPool.java:198)
	at org.apache.http.impl.conn.PoolingHttpClientConnectionManager.leaseConnection(PoolingHttpClientConnectionManager.java:306)
	at org.apache.http.impl.conn.PoolingHttpClientConnectionManager$1.get(PoolingHttpClientConnectionManager.java:282)
	at org.apache.http.impl.execchain.MainClientExec.execute(MainClientExec.java:190)
	... 12 more
org.apache.http.impl.execchain.RequestAbortedException: Request execution failed
	at org.apache.http.impl.execchain.MainClientExec.execute(MainClientExec.java:199)
	at org.apache.http.impl.execchain.ProtocolExec.execute(ProtocolExec.java:186)
	at org.apache.http.impl.execchain.RetryExec.execute(RetryExec.java:89)
	at org.apache.http.impl.execchain.RedirectExec.execute(RedirectExec.java:110)
	at org.apache.http.impl.client.InternalHttpClient.doExecute(InternalHttpClient.java:185)
	at org.apache.http.impl.client.CloseableHttpClient.execute(CloseableHttpClient.java:83)
	at org.apache.http.impl.client.CloseableHttpClient.execute(CloseableHttpClient.java:108)
	at com.example.fakestoreapi.test.performance.PerformanceTests.lambda$testConcurrentRequests$0(PerformanceTests.java:35)
	at java.base/java.util.concurrent.Executors$RunnableAdapter.call(Executors.java:572)
	at java.base/java.util.concurrent.FutureTask.run(FutureTask.java:317)
	at java.base/java.util.concurrent.ThreadPoolExecutor.runWorker(ThreadPoolExecutor.java:1144)
	at java.base/java.util.concurrent.ThreadPoolExecutor$Worker.run(ThreadPoolExecutor.java:642)
	at java.base/java.lang.Thread.run(Thread.java:1583)
Caused by: java.util.concurrent.CancellationException: Operation aborted
	at org.apache.http.pool.AbstractConnPool.operationAborted(AbstractConnPool.java:182)
	at org.apache.http.pool.AbstractConnPool.getPoolEntryBlocking(AbstractConnPool.java:397)
	at org.apache.http.pool.AbstractConnPool.access$300(AbstractConnPool.java:70)
	at org.apache.http.pool.AbstractConnPool$2.get(AbstractConnPool.java:253)
	at org.apache.http.pool.AbstractConnPool$2.get(AbstractConnPool.java:198)
	at org.apache.http.impl.conn.PoolingHttpClientConnectionManager.leaseConnection(PoolingHttpClientConnectionManager.java:306)
	at org.apache.http.impl.conn.PoolingHttpClientConnectionManager$1.get(PoolingHttpClientConnectionManager.java:282)
	at org.apache.http.impl.execchain.MainClientExec.execute(MainClientExec.java:190)
	... 12 more
org.apache.http.impl.execchain.RequestAbortedException: Request execution failed
	at org.apache.http.impl.execchain.MainClientExec.execute(MainClientExec.java:199)
	at org.apache.http.impl.execchain.ProtocolExec.execute(ProtocolExec.java:186)
	at org.apache.http.impl.execchain.RetryExec.execute(RetryExec.java:89)
	at org.apache.http.impl.execchain.RedirectExec.execute(RedirectExec.java:110)
	at org.apache.http.impl.client.InternalHttpClient.doExecute(InternalHttpClient.java:185)
	at org.apache.http.impl.client.CloseableHttpClient.execute(CloseableHttpClient.java:83)
	at org.apache.http.impl.client.CloseableHttpClient.execute(CloseableHttpClient.java:108)
	at com.example.fakestoreapi.test.performance.PerformanceTests.lambda$testConcurrentRequests$0(PerformanceTests.java:35)
	at java.base/java.util.concurrent.Executors$RunnableAdapter.call(Executors.java:572)
	at java.base/java.util.concurrent.FutureTask.run(FutureTask.java:317)
	at java.base/java.util.concurrent.ThreadPoolExecutor.runWorker(ThreadPoolExecutor.java:1144)
	at java.base/java.util.concurrent.ThreadPoolExecutor$Worker.run(ThreadPoolExecutor.java:642)
	at java.base/java.lang.Thread.run(Thread.java:1583)
Caused by: java.util.concurrent.CancellationException: Operation aborted
	at org.apache.http.pool.AbstractConnPool.operationAborted(AbstractConnPool.java:182)
	at org.apache.http.pool.AbstractConnPool.getPoolEntryBlocking(AbstractConnPool.java:397)
	at org.apache.http.pool.AbstractConnPool.access$300(AbstractConnPool.java:70)
	at org.apache.http.pool.AbstractConnPool$2.get(AbstractConnPool.java:253)
	at org.apache.http.pool.AbstractConnPool$2.get(AbstractConnPool.java:198)
	at org.apache.http.impl.conn.PoolingHttpClientConnectionManager.leaseConnection(PoolingHttpClientConnectionManager.java:306)
	at org.apache.http.impl.conn.PoolingHttpClientConnectionManager$1.get(PoolingHttpClientConnectionManager.java:282)
	at org.apache.http.impl.execchain.MainClientExec.execute(MainClientExec.java:190)
	... 12 more
org.apache.http.impl.execchain.RequestAbortedException: Request execution failed
	at org.apache.http.impl.execchain.MainClientExec.execute(MainClientExec.java:199)
	at org.apache.http.impl.execchain.ProtocolExec.execute(ProtocolExec.java:186)
	at org.apache.http.impl.execchain.RetryExec.execute(RetryExec.java:89)
	at org.apache.http.impl.execchain.RedirectExec.execute(RedirectExec.java:110)
	at org.apache.http.impl.client.InternalHttpClient.doExecute(InternalHttpClient.java:185)
	at org.apache.http.impl.client.CloseableHttpClient.execute(CloseableHttpClient.java:83)
	at org.apache.http.impl.client.CloseableHttpClient.execute(CloseableHttpClient.java:108)
	at com.example.fakestoreapi.test.performance.PerformanceTests.lambda$testConcurrentRequests$0(PerformanceTests.java:35)
	at java.base/java.util.concurrent.Executors$RunnableAdapter.call(Executors.java:572)
	at java.base/java.util.concurrent.FutureTask.run(FutureTask.java:317)
	at java.base/java.util.concurrent.ThreadPoolExecutor.runWorker(ThreadPoolExecutor.java:1144)
	at java.base/java.util.concurrent.ThreadPoolExecutor$Worker.run(ThreadPoolExecutor.java:642)
	at java.base/java.lang.Thread.run(Thread.java:1583)
Caused by: java.util.concurrent.CancellationException: Operation aborted
	at org.apache.http.pool.AbstractConnPool.operationAborted(AbstractConnPool.java:182)
	at org.apache.http.pool.AbstractConnPool.getPoolEntryBlocking(AbstractConnPool.java:397)
	at org.apache.http.pool.AbstractConnPool.access$300(AbstractConnPool.java:70)
	at org.apache.http.pool.AbstractConnPool$2.get(AbstractConnPool.java:253)
	at org.apache.http.pool.AbstractConnPool$2.get(AbstractConnPool.java:198)
	at org.apache.http.impl.conn.PoolingHttpClientConnectionManager.leaseConnection(PoolingHttpClientConnectionManager.java:306)
	at org.apache.http.impl.conn.PoolingHttpClientConnectionManager$1.get(PoolingHttpClientConnectionManager.java:282)
	at org.apache.http.impl.execchain.MainClientExec.execute(MainClientExec.java:190)
	... 12 more
org.apache.http.impl.execchain.RequestAbortedException: Request execution failed
	at org.apache.http.impl.execchain.MainClientExec.execute(MainClientExec.java:199)
	at org.apache.http.impl.execchain.ProtocolExec.execute(ProtocolExec.java:186)
	at org.apache.http.impl.execchain.RetryExec.execute(RetryExec.java:89)
	at org.apache.http.impl.execchain.RedirectExec.execute(RedirectExec.java:110)
	at org.apache.http.impl.client.InternalHttpClient.doExecute(InternalHttpClient.java:185)
	at org.apache.http.impl.client.CloseableHttpClient.execute(CloseableHttpClient.java:83)
	at org.apache.http.impl.client.CloseableHttpClient.execute(CloseableHttpClient.java:108)
	at com.example.fakestoreapi.test.performance.PerformanceTests.lambda$testConcurrentRequests$0(PerformanceTests.java:35)
	at java.base/java.util.concurrent.Executors$RunnableAdapter.call(Executors.java:572)
	at java.base/java.util.concurrent.FutureTask.run(FutureTask.java:317)
	at java.base/java.util.concurrent.ThreadPoolExecutor.runWorker(ThreadPoolExecutor.java:1144)
	at java.base/java.util.concurrent.ThreadPoolExecutor$Worker.run(ThreadPoolExecutor.java:642)
	at java.base/java.lang.Thread.run(Thread.java:1583)
Caused by: java.util.concurrent.CancellationException: Operation aborted
	at org.apache.http.pool.AbstractConnPool.operationAborted(AbstractConnPool.java:182)
	at org.apache.http.pool.AbstractConnPool.getPoolEntryBlocking(AbstractConnPool.java:397)
	at org.apache.http.pool.AbstractConnPool.access$300(AbstractConnPool.java:70)
	at org.apache.http.pool.AbstractConnPool$2.get(AbstractConnPool.java:253)
	at org.apache.http.pool.AbstractConnPool$2.get(AbstractConnPool.java:198)
	at org.apache.http.impl.conn.PoolingHttpClientConnectionManager.leaseConnection(PoolingHttpClientConnectionManager.java:306)
	at org.apache.http.impl.conn.PoolingHttpClientConnectionManager$1.get(PoolingHttpClientConnectionManager.java:282)
	at org.apache.http.impl.execchain.MainClientExec.execute(MainClientExec.java:190)
	... 12 more
org.apache.http.impl.execchain.RequestAbortedException: Request execution failed
	at org.apache.http.impl.execchain.MainClientExec.execute(MainClientExec.java:199)
	at org.apache.http.impl.execchain.ProtocolExec.execute(ProtocolExec.java:186)
	at org.apache.http.impl.execchain.RetryExec.execute(RetryExec.java:89)
	at org.apache.http.impl.execchain.RedirectExec.execute(RedirectExec.java:110)
	at org.apache.http.impl.client.InternalHttpClient.doExecute(InternalHttpClient.java:185)
	at org.apache.http.impl.client.CloseableHttpClient.execute(CloseableHttpClient.java:83)
	at org.apache.http.impl.client.CloseableHttpClient.execute(CloseableHttpClient.java:108)
	at com.example.fakestoreapi.test.performance.PerformanceTests.lambda$testConcurrentRequests$0(PerformanceTests.java:35)
	at java.base/java.util.concurrent.Executors$RunnableAdapter.call(Executors.java:572)
	at java.base/java.util.concurrent.FutureTask.run(FutureTask.java:317)
	at java.base/java.util.concurrent.ThreadPoolExecutor.runWorker(ThreadPoolExecutor.java:1144)
	at java.base/java.util.concurrent.ThreadPoolExecutor$Worker.run(ThreadPoolExecutor.java:642)
	at java.base/java.lang.Thread.run(Thread.java:1583)
Caused by: java.util.concurrent.CancellationException: Operation aborted
	at org.apache.http.pool.AbstractConnPool.operationAborted(AbstractConnPool.java:182)
	at org.apache.http.pool.AbstractConnPool.getPoolEntryBlocking(AbstractConnPool.java:397)
	at org.apache.http.pool.AbstractConnPool.access$300(AbstractConnPool.java:70)
	at org.apache.http.pool.AbstractConnPool$2.get(AbstractConnPool.java:253)
	at org.apache.http.pool.AbstractConnPool$2.get(AbstractConnPool.java:198)
	at org.apache.http.impl.conn.PoolingHttpClientConnectionManager.leaseConnection(PoolingHttpClientConnectionManager.java:306)
	at org.apache.http.impl.conn.PoolingHttpClientConnectionManager$1.get(PoolingHttpClientConnectionManager.java:282)
	at org.apache.http.impl.execchain.MainClientExec.execute(MainClientExec.java:190)
	... 12 more
]]></system-err>
  </testcase>
  <testcase name="testGetUserResponseTime(int, int)[2]" classname="com.example.fakestoreapi.test.performance.PerformanceTests" time="0.787">
    <system-out><![CDATA[Request method:	GET
Request URI:	https://fakestoreapi.com/users/2
Proxy:			<none>
Request params:	<none>
Query params:	<none>
Form params:	<none>
Path params:	<none>
Headers:		User-Agent=Mozilla/5.0 (CI-Test-Agent)
				Accept=*/*
				Content-Type=application/json
Cookies:		<none>
Multiparts:		<none>
Body:			<none>
HTTP/1.1 200 OK
Date: Fri, 15 Aug 2025 14:17:14 GMT
Content-Type: application/json; charset=utf-8
Transfer-Encoding: chunked
Connection: keep-alive
Access-Control-Allow-Origin: *
Etag: W/"12d-rQ3vazNILlcEdp3VtaYW0Rr1+SY"
X-Powered-By: Express
Cf-Cache-Status: DYNAMIC
Nel: {"report_to":"cf-nel","success_fraction":0.0,"max_age":604800}
Report-To: {"group":"cf-nel","max_age":604800,"endpoints":[{"url":"https://a.nel.cloudflare.com/report/v4?s=Ftlx9exQHIuNneYETlmofW2c%2FDjtTeV8%2FVEetiazXXzLmgTjh6z%2FeUjsAeWQ6WBoHMIzWkstCJw6NR4xGgolRyx95ZhPJZMCGMv5ToRnwkM%3D"}]}
Content-Encoding: gzip
Server: cloudflare
CF-RAY: 96f95076aeecdb78-CDG
alt-svc: h3=":443"; ma=86400

{
    "address": {
        "geolocation": {
            "lat": "-37.3159",
            "long": "81.1496"
        },
        "city": "kilcoole",
        "street": "Lovers Ln",
        "number": 7267,
        "zipcode": "12926-3874"
    },
    "id": 2,
    "email": "morrison@gmail.com",
    "username": "mor_2314",
    "password": "83r5^_",
    "name": {
        "firstname": "david",
        "lastname": "morrison"
    },
    "phone": "1-570-236-7033",
    "__v": 0
}
]]></system-out>
  </testcase>
  <testcase name="testGetUserResponseTime(int, int)[3]" classname="com.example.fakestoreapi.test.performance.PerformanceTests" time="0.686">
    <system-out><![CDATA[Request method:	GET
Request URI:	https://fakestoreapi.com/users/3
Proxy:			<none>
Request params:	<none>
Query params:	<none>
Form params:	<none>
Path params:	<none>
Headers:		User-Agent=Mozilla/5.0 (CI-Test-Agent)
				Accept=*/*
				Content-Type=application/json
Cookies:		<none>
Multiparts:		<none>
Body:			<none>
HTTP/1.1 200 OK
Date: Fri, 15 Aug 2025 14:17:14 GMT
Content-Type: application/json; charset=utf-8
Transfer-Encoding: chunked
Connection: keep-alive
Access-Control-Allow-Origin: *
Etag: W/"128-QWLW0942EG8Wj+7FYrSRxCYClWk"
X-Powered-By: Express
Cf-Cache-Status: DYNAMIC
Nel: {"report_to":"cf-nel","success_fraction":0.0,"max_age":604800}
Report-To: {"group":"cf-nel","max_age":604800,"endpoints":[{"url":"https://a.nel.cloudflare.com/report/v4?s=LOiR6GljK6SrN%2B6bEds8k2bTfhtd8Yo%2BwFzYVYzfemjjKTnjelYeZA7RXu0s1mZU9ctLiI2PdvnemBuvvyi05jBtv7GMJebP%2FFL9qxNyxt4%3D"}]}
Content-Encoding: gzip
Server: cloudflare
CF-RAY: 96f9507b4dab7856-CDG
alt-svc: h3=":443"; ma=86400

{
    "address": {
        "geolocation": {
            "lat": "40.3467",
            "long": "-30.1310"
        },
        "city": "Cullman",
        "street": "Frances Ct",
        "number": 86,
        "zipcode": "29567-1452"
    },
    "id": 3,
    "email": "kevin@gmail.com",
    "username": "kevinryan",
    "password": "kev02937@",
    "name": {
        "firstname": "kevin",
        "lastname": "ryan"
    },
    "phone": "1-567-094-1345",
    "__v": 0
}
]]></system-out>
  </testcase>
</testsuite>